Audit Success,3/16/2019 2:54:50 AM,Microsoft-Windows-Security-Auditing,4688,Process Creation,"A new process has been created.

Creator Subject:
	Security ID:		EXAMPLE2\Administrator
	Account Name:		Administrator
	Account Domain:		EXAMPLE2
	Logon ID:		0x69268

Target Subject:
	Security ID:		NULL SID
	Account Name:		-
	Account Domain:		-
	Logon ID:		0x0

Process Information:
	New Process ID:		0x1608
	New Process Name:	C:\Windows\System32\Configure-SMRemoting.exe
	Token Elevation Type:	%%1936
	Mandatory Label:		Mandatory Label\High Mandatory Level
	Creator Process ID:	0x7ac
	Creator Process Name:	C:\Windows\System32\ServerManager.exe
	Process Command Line:	

Token Elevation Type indicates the type of token that was assigned to the new process in accordance with User Account Control policy.

Type 1 is a full token with no privileges removed or groups disabled.  A full token is only used if User Account Control is disabled or if the user is the built-in Administrator account or a service account.

Type 2 is an elevated token with no privileges removed or groups disabled.  An elevated token is used when User Account Control is enabled and the user chooses to start the program using Run as administrator.  An elevated token is also used when an application is configured to always require administrative privilege or to always require maximum privilege, and the user is a member of the Administrators group.

Type 3 is a limited token with administrative privileges removed and administrative groups disabled.  The limited token is used when User Account Control is enabled, the application does not require administrative privilege, and the user does not choose to start the program using Run as administrator."
Audit Success,3/16/2019 2:54:34 AM,Microsoft-Windows-Security-Auditing,4688,Process Creation,"A new process has been created.

Creator Subject:
	Security ID:		SYSTEM
	Account Name:		DC$
	Account Domain:		EXAMPLE2
	Logon ID:		0x3E7

Target Subject:
	Security ID:		LOCAL SERVICE
	Account Name:		LOCAL SERVICE
	Account Domain:		NT AUTHORITY
	Logon ID:		0x3E5

Process Information:
	New Process ID:		0xd04
	New Process Name:	C:\Windows\System32\wbem\WmiPrvSE.exe
	Token Elevation Type:	%%1936
	Mandatory Label:		Mandatory Label\System Mandatory Level
	Creator Process ID:	0x2f4
	Creator Process Name:	C:\Windows\System32\svchost.exe
	Process Command Line:	

Token Elevation Type indicates the type of token that was assigned to the new process in accordance with User Account Control policy.

Type 1 is a full token with no privileges removed or groups disabled.  A full token is only used if User Account Control is disabled or if the user is the built-in Administrator account or a service account.

Type 2 is an elevated token with no privileges removed or groups disabled.  An elevated token is used when User Account Control is enabled and the user chooses to start the program using Run as administrator.  An elevated token is also used when an application is configured to always require administrative privilege or to always require maximum privilege, and the user is a member of the Administrators group.

Type 3 is a limited token with administrative privileges removed and administrative groups disabled.  The limited token is used when User Account Control is enabled, the application does not require administrative privilege, and the user does not choose to start the program using Run as administrator."
Audit Success,3/16/2019 2:54:32 AM,Microsoft-Windows-Security-Auditing,4688,Process Creation,"A new process has been created.

Creator Subject:
	Security ID:		EXAMPLE2\Administrator
	Account Name:		Administrator
	Account Domain:		EXAMPLE2
	Logon ID:		0x69268

Target Subject:
	Security ID:		NULL SID
	Account Name:		-
	Account Domain:		-
	Logon ID:		0x0

Process Information:
	New Process ID:		0xa7c
	New Process Name:	C:\Windows\System32\systeminfo.exe
	Token Elevation Type:	%%1936
	Mandatory Label:		Mandatory Label\High Mandatory Level
	Creator Process ID:	0x1758
	Creator Process Name:	C:\Windows\System32\cmd.exe
	Process Command Line:	

Token Elevation Type indicates the type of token that was assigned to the new process in accordance with User Account Control policy.

Type 1 is a full token with no privileges removed or groups disabled.  A full token is only used if User Account Control is disabled or if the user is the built-in Administrator account or a service account.

Type 2 is an elevated token with no privileges removed or groups disabled.  An elevated token is used when User Account Control is enabled and the user chooses to start the program using Run as administrator.  An elevated token is also used when an application is configured to always require administrative privilege or to always require maximum privilege, and the user is a member of the Administrators group.

Type 3 is a limited token with administrative privileges removed and administrative groups disabled.  The limited token is used when User Account Control is enabled, the application does not require administrative privilege, and the user does not choose to start the program using Run as administrator."
Audit Success,3/16/2019 2:53:12 AM,Microsoft-Windows-Security-Auditing,4688,Process Creation,"A new process has been created.

Creator Subject:
	Security ID:		EXAMPLE2\Administrator
	Account Name:		Administrator
	Account Domain:		EXAMPLE2
	Logon ID:		0x69268

Target Subject:
	Security ID:		NULL SID
	Account Name:		-
	Account Domain:		-
	Logon ID:		0x0

Process Information:
	New Process ID:		0x214
	New Process Name:	C:\Windows\System32\find.exe
	Token Elevation Type:	%%1936
	Mandatory Label:		Mandatory Label\High Mandatory Level
	Creator Process ID:	0x1758
	Creator Process Name:	C:\Windows\System32\cmd.exe
	Process Command Line:	

Token Elevation Type indicates the type of token that was assigned to the new process in accordance with User Account Control policy.

Type 1 is a full token with no privileges removed or groups disabled.  A full token is only used if User Account Control is disabled or if the user is the built-in Administrator account or a service account.

Type 2 is an elevated token with no privileges removed or groups disabled.  An elevated token is used when User Account Control is enabled and the user chooses to start the program using Run as administrator.  An elevated token is also used when an application is configured to always require administrative privilege or to always require maximum privilege, and the user is a member of the Administrators group.

Type 3 is a limited token with administrative privileges removed and administrative groups disabled.  The limited token is used when User Account Control is enabled, the application does not require administrative privilege, and the user does not choose to start the program using Run as administrator."
Audit Success,3/16/2019 2:53:12 AM,Microsoft-Windows-Security-Auditing,4688,Process Creation,"A new process has been created.

Creator Subject:
	Security ID:		EXAMPLE2\Administrator
	Account Name:		Administrator
	Account Domain:		EXAMPLE2
	Logon ID:		0x69268

Target Subject:
	Security ID:		NULL SID
	Account Name:		-
	Account Domain:		-
	Logon ID:		0x0

Process Information:
	New Process ID:		0x168c
	New Process Name:	C:\Windows\System32\wbem\WMIC.exe
	Token Elevation Type:	%%1936
	Mandatory Label:		Mandatory Label\High Mandatory Level
	Creator Process ID:	0x1758
	Creator Process Name:	C:\Windows\System32\cmd.exe
	Process Command Line:	

Token Elevation Type indicates the type of token that was assigned to the new process in accordance with User Account Control policy.

Type 1 is a full token with no privileges removed or groups disabled.  A full token is only used if User Account Control is disabled or if the user is the built-in Administrator account or a service account.

Type 2 is an elevated token with no privileges removed or groups disabled.  An elevated token is used when User Account Control is enabled and the user chooses to start the program using Run as administrator.  An elevated token is also used when an application is configured to always require administrative privilege or to always require maximum privilege, and the user is a member of the Administrators group.

Type 3 is a limited token with administrative privileges removed and administrative groups disabled.  The limited token is used when User Account Control is enabled, the application does not require administrative privilege, and the user does not choose to start the program using Run as administrator."
Audit Success,3/16/2019 2:53:12 AM,Microsoft-Windows-Security-Auditing,5140,File Share,"A network share object was accessed.
	
Subject:
	Security ID:		NETWORK SERVICE
	Account Name:		DC$
	Account Domain:		EXAMPLE2
	Logon ID:		0x3E4

Network Information:	
	Object Type:		File
	Source Address:		fe80::2cfd:5e25:60dd:6ce0
	Source Port:		62597
	
Share Information:
	Share Name:		\\*\IPC$
	Share Path:		

Access Request Information:
	Access Mask:		0x1
	Accesses:		ReadData (or ListDirectory)
				
"
Audit Success,3/16/2019 2:53:02 AM,Microsoft-Windows-Security-Auditing,4688,Process Creation,"A new process has been created.

Creator Subject:
	Security ID:		SYSTEM
	Account Name:		DC$
	Account Domain:		EXAMPLE2
	Logon ID:		0x3E7

Target Subject:
	Security ID:		NULL SID
	Account Name:		-
	Account Domain:		-
	Logon ID:		0x0

Process Information:
	New Process ID:		0x1794
	New Process Name:	C:\Windows\WinSxS\amd64_microsoft-windows-servicingstack_31bf3856ad364e35_10.0.14393.693_none_42ff55c9655f38bf\TiWorker.exe
	Token Elevation Type:	%%1936
	Mandatory Label:		Mandatory Label\System Mandatory Level
	Creator Process ID:	0x2f4
	Creator Process Name:	C:\Windows\System32\svchost.exe
	Process Command Line:	

Token Elevation Type indicates the type of token that was assigned to the new process in accordance with User Account Control policy.

Type 1 is a full token with no privileges removed or groups disabled.  A full token is only used if User Account Control is disabled or if the user is the built-in Administrator account or a service account.

Type 2 is an elevated token with no privileges removed or groups disabled.  An elevated token is used when User Account Control is enabled and the user chooses to start the program using Run as administrator.  An elevated token is also used when an application is configured to always require administrative privilege or to always require maximum privilege, and the user is a member of the Administrators group.

Type 3 is a limited token with administrative privileges removed and administrative groups disabled.  The limited token is used when User Account Control is enabled, the application does not require administrative privilege, and the user does not choose to start the program using Run as administrator."
Audit Success,3/16/2019 2:53:02 AM,Microsoft-Windows-Security-Auditing,4688,Process Creation,"A new process has been created.

Creator Subject:
	Security ID:		SYSTEM
	Account Name:		DC$
	Account Domain:		EXAMPLE2
	Logon ID:		0x3E7

Target Subject:
	Security ID:		NULL SID
	Account Name:		-
	Account Domain:		-
	Logon ID:		0x0

Process Information:
	New Process ID:		0xbf4
	New Process Name:	C:\Windows\servicing\TrustedInstaller.exe
	Token Elevation Type:	%%1936
	Mandatory Label:		Mandatory Label\System Mandatory Level
	Creator Process ID:	0x240
	Creator Process Name:	C:\Windows\System32\services.exe
	Process Command Line:	

Token Elevation Type indicates the type of token that was assigned to the new process in accordance with User Account Control policy.

Type 1 is a full token with no privileges removed or groups disabled.  A full token is only used if User Account Control is disabled or if the user is the built-in Administrator account or a service account.

Type 2 is an elevated token with no privileges removed or groups disabled.  An elevated token is used when User Account Control is enabled and the user chooses to start the program using Run as administrator.  An elevated token is also used when an application is configured to always require administrative privilege or to always require maximum privilege, and the user is a member of the Administrators group.

Type 3 is a limited token with administrative privileges removed and administrative groups disabled.  The limited token is used when User Account Control is enabled, the application does not require administrative privilege, and the user does not choose to start the program using Run as administrator."
Audit Success,3/16/2019 2:53:02 AM,Microsoft-Windows-Security-Auditing,4688,Process Creation,"A new process has been created.

Creator Subject:
	Security ID:		EXAMPLE2\Administrator
	Account Name:		Administrator
	Account Domain:		EXAMPLE2
	Logon ID:		0x69268

Target Subject:
	Security ID:		NULL SID
	Account Name:		-
	Account Domain:		-
	Logon ID:		0x0

Process Information:
	New Process ID:		0x15a0
	New Process Name:	C:\Windows\System32\wbem\WMIC.exe
	Token Elevation Type:	%%1936
	Mandatory Label:		Mandatory Label\High Mandatory Level
	Creator Process ID:	0x1758
	Creator Process Name:	C:\Windows\System32\cmd.exe
	Process Command Line:	

Token Elevation Type indicates the type of token that was assigned to the new process in accordance with User Account Control policy.

Type 1 is a full token with no privileges removed or groups disabled.  A full token is only used if User Account Control is disabled or if the user is the built-in Administrator account or a service account.

Type 2 is an elevated token with no privileges removed or groups disabled.  An elevated token is used when User Account Control is enabled and the user chooses to start the program using Run as administrator.  An elevated token is also used when an application is configured to always require administrative privilege or to always require maximum privilege, and the user is a member of the Administrators group.

Type 3 is a limited token with administrative privileges removed and administrative groups disabled.  The limited token is used when User Account Control is enabled, the application does not require administrative privilege, and the user does not choose to start the program using Run as administrator."
Audit Success,3/16/2019 2:52:52 AM,Microsoft-Windows-Security-Auditing,4688,Process Creation,"A new process has been created.

Creator Subject:
	Security ID:		SYSTEM
	Account Name:		DC$
	Account Domain:		EXAMPLE2
	Logon ID:		0x3E7

Target Subject:
	Security ID:		LOCAL SERVICE
	Account Name:		LOCAL SERVICE
	Account Domain:		NT AUTHORITY
	Logon ID:		0x3E5

Process Information:
	New Process ID:		0x1604
	New Process Name:	C:\Windows\System32\wbem\WmiPrvSE.exe
	Token Elevation Type:	%%1936
	Mandatory Label:		Mandatory Label\System Mandatory Level
	Creator Process ID:	0x2f4
	Creator Process Name:	C:\Windows\System32\svchost.exe
	Process Command Line:	

Token Elevation Type indicates the type of token that was assigned to the new process in accordance with User Account Control policy.

Type 1 is a full token with no privileges removed or groups disabled.  A full token is only used if User Account Control is disabled or if the user is the built-in Administrator account or a service account.

Type 2 is an elevated token with no privileges removed or groups disabled.  An elevated token is used when User Account Control is enabled and the user chooses to start the program using Run as administrator.  An elevated token is also used when an application is configured to always require administrative privilege or to always require maximum privilege, and the user is a member of the Administrators group.

Type 3 is a limited token with administrative privileges removed and administrative groups disabled.  The limited token is used when User Account Control is enabled, the application does not require administrative privilege, and the user does not choose to start the program using Run as administrator."
Audit Failure,3/16/2019 2:52:50 AM,Microsoft-Windows-Security-Auditing,4674,Sensitive Privilege Use,"An operation was attempted on a privileged object.

Subject:
	Security ID:		LOCAL SERVICE
	Account Name:		LOCAL SERVICE
	Account Domain:		NT AUTHORITY
	Logon ID:		0x3E5

Object:
	Object Server:	LSA
	Object Type:	-
	Object Name:	-
	Object Handle:	0x0

Process Information:
	Process ID:	0x248
	Process Name:	C:\Windows\System32\lsass.exe

Requested Operation:
	Desired Access:	16777216
	Privileges:		SeSecurityPrivilege"
Audit Failure,3/16/2019 2:52:50 AM,Microsoft-Windows-Security-Auditing,4674,Sensitive Privilege Use,"An operation was attempted on a privileged object.

Subject:
	Security ID:		LOCAL SERVICE
	Account Name:		LOCAL SERVICE
	Account Domain:		NT AUTHORITY
	Logon ID:		0x3E5

Object:
	Object Server:	LSA
	Object Type:	-
	Object Name:	-
	Object Handle:	0x0

Process Information:
	Process ID:	0x248
	Process Name:	C:\Windows\System32\lsass.exe

Requested Operation:
	Desired Access:	16777216
	Privileges:		SeSecurityPrivilege"
Audit Failure,3/16/2019 2:52:50 AM,Microsoft-Windows-Security-Auditing,4674,Sensitive Privilege Use,"An operation was attempted on a privileged object.

Subject:
	Security ID:		LOCAL SERVICE
	Account Name:		LOCAL SERVICE
	Account Domain:		NT AUTHORITY
	Logon ID:		0x3E5

Object:
	Object Server:	LSA
	Object Type:	-
	Object Name:	-
	Object Handle:	0x0

Process Information:
	Process ID:	0x248
	Process Name:	C:\Windows\System32\lsass.exe

Requested Operation:
	Desired Access:	16777216
	Privileges:		SeSecurityPrivilege"
Audit Failure,3/16/2019 2:52:50 AM,Microsoft-Windows-Security-Auditing,4674,Sensitive Privilege Use,"An operation was attempted on a privileged object.

Subject:
	Security ID:		LOCAL SERVICE
	Account Name:		LOCAL SERVICE
	Account Domain:		NT AUTHORITY
	Logon ID:		0x3E5

Object:
	Object Server:	LSA
	Object Type:	-
	Object Name:	-
	Object Handle:	0x0

Process Information:
	Process ID:	0x248
	Process Name:	C:\Windows\System32\lsass.exe

Requested Operation:
	Desired Access:	16777216
	Privileges:		SeSecurityPrivilege"
Audit Success,3/16/2019 2:52:50 AM,Microsoft-Windows-Security-Auditing,5140,File Share,"A network share object was accessed.
	
Subject:
	Security ID:		SYSTEM
	Account Name:		DC$
	Account Domain:		EXAMPLE2
	Logon ID:		0x2DEF8B

Network Information:	
	Object Type:		File
	Source Address:		fe80::2cfd:5e25:60dd:6ce0
	Source Port:		62596
	
Share Information:
	Share Name:		\\*\SYSVOL
	Share Path:		\??\C:\Windows\SYSVOL\sysvol

Access Request Information:
	Access Mask:		0x1
	Accesses:		ReadData (or ListDirectory)
				
"
Audit Success,3/16/2019 2:52:50 AM,Microsoft-Windows-Security-Auditing,4688,Process Creation,"A new process has been created.

Creator Subject:
	Security ID:		EXAMPLE2\Administrator
	Account Name:		Administrator
	Account Domain:		EXAMPLE2
	Logon ID:		0x69268

Target Subject:
	Security ID:		NULL SID
	Account Name:		-
	Account Domain:		-
	Logon ID:		0x0

Process Information:
	New Process ID:		0x1760
	New Process Name:	C:\Windows\System32\conhost.exe
	Token Elevation Type:	%%1936
	Mandatory Label:		Mandatory Label\High Mandatory Level
	Creator Process ID:	0x11c4
	Creator Process Name:	C:\Windows\System32\Configure-SMRemoting.exe
	Process Command Line:	

Token Elevation Type indicates the type of token that was assigned to the new process in accordance with User Account Control policy.

Type 1 is a full token with no privileges removed or groups disabled.  A full token is only used if User Account Control is disabled or if the user is the built-in Administrator account or a service account.

Type 2 is an elevated token with no privileges removed or groups disabled.  An elevated token is used when User Account Control is enabled and the user chooses to start the program using Run as administrator.  An elevated token is also used when an application is configured to always require administrative privilege or to always require maximum privilege, and the user is a member of the Administrators group.

Type 3 is a limited token with administrative privileges removed and administrative groups disabled.  The limited token is used when User Account Control is enabled, the application does not require administrative privilege, and the user does not choose to start the program using Run as administrator."
Audit Success,3/16/2019 2:52:50 AM,Microsoft-Windows-Security-Auditing,4688,Process Creation,"A new process has been created.

Creator Subject:
	Security ID:		EXAMPLE2\Administrator
	Account Name:		Administrator
	Account Domain:		EXAMPLE2
	Logon ID:		0x69268

Target Subject:
	Security ID:		NULL SID
	Account Name:		-
	Account Domain:		-
	Logon ID:		0x0

Process Information:
	New Process ID:		0x11c4
	New Process Name:	C:\Windows\System32\Configure-SMRemoting.exe
	Token Elevation Type:	%%1936
	Mandatory Label:		Mandatory Label\High Mandatory Level
	Creator Process ID:	0x7ac
	Creator Process Name:	C:\Windows\System32\ServerManager.exe
	Process Command Line:	

Token Elevation Type indicates the type of token that was assigned to the new process in accordance with User Account Control policy.

Type 1 is a full token with no privileges removed or groups disabled.  A full token is only used if User Account Control is disabled or if the user is the built-in Administrator account or a service account.

Type 2 is an elevated token with no privileges removed or groups disabled.  An elevated token is used when User Account Control is enabled and the user chooses to start the program using Run as administrator.  An elevated token is also used when an application is configured to always require administrative privilege or to always require maximum privilege, and the user is a member of the Administrators group.

Type 3 is a limited token with administrative privileges removed and administrative groups disabled.  The limited token is used when User Account Control is enabled, the application does not require administrative privilege, and the user does not choose to start the program using Run as administrator."
Audit Success,3/16/2019 2:52:29 AM,Microsoft-Windows-Security-Auditing,5140,File Share,"A network share object was accessed.
	
Subject:
	Security ID:		EXAMPLE2\user01
	Account Name:		user01
	Account Domain:		EXAMPLE2
	Logon ID:		0x2DD2B1

Network Information:	
	Object Type:		File
	Source Address:		192.168.2.22
	Source Port:		34377
	
Share Information:
	Share Name:		\\*\IPC$
	Share Path:		

Access Request Information:
	Access Mask:		0x1
	Accesses:		ReadData (or ListDirectory)
				
"
Audit Success,3/16/2019 2:52:25 AM,Microsoft-Windows-Security-Auditing,4688,Process Creation,"A new process has been created.

Creator Subject:
	Security ID:		SYSTEM
	Account Name:		DC$
	Account Domain:		EXAMPLE2
	Logon ID:		0x3E7

Target Subject:
	Security ID:		NULL SID
	Account Name:		DC$
	Account Domain:		EXAMPLE2
	Logon ID:		0x3E4

Process Information:
	New Process ID:		0x14a4
	New Process Name:	C:\Windows\System32\sppsvc.exe
	Token Elevation Type:	%%1936
	Mandatory Label:		Mandatory Label\System Mandatory Level
	Creator Process ID:	0x240
	Creator Process Name:	C:\Windows\System32\services.exe
	Process Command Line:	

Token Elevation Type indicates the type of token that was assigned to the new process in accordance with User Account Control policy.

Type 1 is a full token with no privileges removed or groups disabled.  A full token is only used if User Account Control is disabled or if the user is the built-in Administrator account or a service account.

Type 2 is an elevated token with no privileges removed or groups disabled.  An elevated token is used when User Account Control is enabled and the user chooses to start the program using Run as administrator.  An elevated token is also used when an application is configured to always require administrative privilege or to always require maximum privilege, and the user is a member of the Administrators group.

Type 3 is a limited token with administrative privileges removed and administrative groups disabled.  The limited token is used when User Account Control is enabled, the application does not require administrative privilege, and the user does not choose to start the program using Run as administrator."
Audit Success,3/16/2019 2:50:52 AM,Microsoft-Windows-Security-Auditing,4688,Process Creation,"A new process has been created.

Creator Subject:
	Security ID:		SYSTEM
	Account Name:		DC$
	Account Domain:		EXAMPLE2
	Logon ID:		0x3E7

Target Subject:
	Security ID:		LOCAL SERVICE
	Account Name:		LOCAL SERVICE
	Account Domain:		NT AUTHORITY
	Logon ID:		0x3E5

Process Information:
	New Process ID:		0x16f8
	New Process Name:	C:\Windows\System32\wbem\WmiPrvSE.exe
	Token Elevation Type:	%%1936
	Mandatory Label:		Mandatory Label\System Mandatory Level
	Creator Process ID:	0x2f4
	Creator Process Name:	C:\Windows\System32\svchost.exe
	Process Command Line:	

Token Elevation Type indicates the type of token that was assigned to the new process in accordance with User Account Control policy.

Type 1 is a full token with no privileges removed or groups disabled.  A full token is only used if User Account Control is disabled or if the user is the built-in Administrator account or a service account.

Type 2 is an elevated token with no privileges removed or groups disabled.  An elevated token is used when User Account Control is enabled and the user chooses to start the program using Run as administrator.  An elevated token is also used when an application is configured to always require administrative privilege or to always require maximum privilege, and the user is a member of the Administrators group.

Type 3 is a limited token with administrative privileges removed and administrative groups disabled.  The limited token is used when User Account Control is enabled, the application does not require administrative privilege, and the user does not choose to start the program using Run as administrator."
Audit Success,3/16/2019 2:50:51 AM,Microsoft-Windows-Security-Auditing,5140,File Share,"A network share object was accessed.
	
Subject:
	Security ID:		ANONYMOUS LOGON
	Account Name:		ANONYMOUS LOGON
	Account Domain:		NT AUTHORITY
	Logon ID:		0x20FBC

Network Information:	
	Object Type:		File
	Source Address:		192.168.2.22
	Source Port:		35383
	
Share Information:
	Share Name:		\\*\IPC$
	Share Path:		

Access Request Information:
	Access Mask:		0x1
	Accesses:		ReadData (or ListDirectory)
				
"
Audit Success,3/16/2019 2:50:51 AM,Microsoft-Windows-Security-Auditing,5140,File Share,"A network share object was accessed.
	
Subject:
	Security ID:		ANONYMOUS LOGON
	Account Name:		ANONYMOUS LOGON
	Account Domain:		NT AUTHORITY
	Logon ID:		0x20FBC

Network Information:	
	Object Type:		File
	Source Address:		192.168.2.22
	Source Port:		35383
	
Share Information:
	Share Name:		\\*\IPC$
	Share Path:		

Access Request Information:
	Access Mask:		0x1
	Accesses:		ReadData (or ListDirectory)
				
"
Audit Success,3/16/2019 2:50:51 AM,Microsoft-Windows-Security-Auditing,5140,File Share,"A network share object was accessed.
	
Subject:
	Security ID:		ANONYMOUS LOGON
	Account Name:		ANONYMOUS LOGON
	Account Domain:		NT AUTHORITY
	Logon ID:		0x20FBC

Network Information:	
	Object Type:		File
	Source Address:		192.168.2.22
	Source Port:		35383
	
Share Information:
	Share Name:		\\*\IPC$
	Share Path:		

Access Request Information:
	Access Mask:		0x1
	Accesses:		ReadData (or ListDirectory)
				
"
Audit Success,3/16/2019 2:50:51 AM,Microsoft-Windows-Security-Auditing,5140,File Share,"A network share object was accessed.
	
Subject:
	Security ID:		ANONYMOUS LOGON
	Account Name:		ANONYMOUS LOGON
	Account Domain:		NT AUTHORITY
	Logon ID:		0x20FBC

Network Information:	
	Object Type:		File
	Source Address:		192.168.2.22
	Source Port:		35383
	
Share Information:
	Share Name:		\\*\IPC$
	Share Path:		

Access Request Information:
	Access Mask:		0x1
	Accesses:		ReadData (or ListDirectory)
				
"
Audit Success,3/16/2019 2:50:51 AM,Microsoft-Windows-Security-Auditing,5140,File Share,"A network share object was accessed.
	
Subject:
	Security ID:		ANONYMOUS LOGON
	Account Name:		ANONYMOUS LOGON
	Account Domain:		NT AUTHORITY
	Logon ID:		0x20FBC

Network Information:	
	Object Type:		File
	Source Address:		192.168.2.22
	Source Port:		35383
	
Share Information:
	Share Name:		\\*\IPC$
	Share Path:		

Access Request Information:
	Access Mask:		0x1
	Accesses:		ReadData (or ListDirectory)
				
"
Audit Success,3/16/2019 2:50:51 AM,Microsoft-Windows-Security-Auditing,5140,File Share,"A network share object was accessed.
	
Subject:
	Security ID:		ANONYMOUS LOGON
	Account Name:		ANONYMOUS LOGON
	Account Domain:		NT AUTHORITY
	Logon ID:		0x20FBC

Network Information:	
	Object Type:		File
	Source Address:		192.168.2.22
	Source Port:		35383
	
Share Information:
	Share Name:		\\*\IPC$
	Share Path:		

Access Request Information:
	Access Mask:		0x1
	Accesses:		ReadData (or ListDirectory)
				
"
Audit Success,3/16/2019 2:50:51 AM,Microsoft-Windows-Security-Auditing,5140,File Share,"A network share object was accessed.
	
Subject:
	Security ID:		ANONYMOUS LOGON
	Account Name:		ANONYMOUS LOGON
	Account Domain:		NT AUTHORITY
	Logon ID:		0x20FBC

Network Information:	
	Object Type:		File
	Source Address:		192.168.2.22
	Source Port:		35383
	
Share Information:
	Share Name:		\\*\IPC$
	Share Path:		

Access Request Information:
	Access Mask:		0x1
	Accesses:		ReadData (or ListDirectory)
				
"
Audit Success,3/16/2019 2:50:51 AM,Microsoft-Windows-Security-Auditing,5140,File Share,"A network share object was accessed.
	
Subject:
	Security ID:		ANONYMOUS LOGON
	Account Name:		ANONYMOUS LOGON
	Account Domain:		NT AUTHORITY
	Logon ID:		0x20FBC

Network Information:	
	Object Type:		File
	Source Address:		192.168.2.22
	Source Port:		35383
	
Share Information:
	Share Name:		\\*\IPC$
	Share Path:		

Access Request Information:
	Access Mask:		0x1
	Accesses:		ReadData (or ListDirectory)
				
"
Audit Success,3/16/2019 2:50:51 AM,Microsoft-Windows-Security-Auditing,5140,File Share,"A network share object was accessed.
	
Subject:
	Security ID:		ANONYMOUS LOGON
	Account Name:		ANONYMOUS LOGON
	Account Domain:		NT AUTHORITY
	Logon ID:		0x20FBC

Network Information:	
	Object Type:		File
	Source Address:		192.168.2.22
	Source Port:		35383
	
Share Information:
	Share Name:		\\*\IPC$
	Share Path:		

Access Request Information:
	Access Mask:		0x1
	Accesses:		ReadData (or ListDirectory)
				
"
Audit Success,3/16/2019 2:50:51 AM,Microsoft-Windows-Security-Auditing,5140,File Share,"A network share object was accessed.
	
Subject:
	Security ID:		ANONYMOUS LOGON
	Account Name:		ANONYMOUS LOGON
	Account Domain:		NT AUTHORITY
	Logon ID:		0x20FBC

Network Information:	
	Object Type:		File
	Source Address:		192.168.2.22
	Source Port:		35383
	
Share Information:
	Share Name:		\\*\IPC$
	Share Path:		

Access Request Information:
	Access Mask:		0x1
	Accesses:		ReadData (or ListDirectory)
				
"
Audit Success,3/16/2019 2:50:51 AM,Microsoft-Windows-Security-Auditing,5140,File Share,"A network share object was accessed.
	
Subject:
	Security ID:		ANONYMOUS LOGON
	Account Name:		ANONYMOUS LOGON
	Account Domain:		NT AUTHORITY
	Logon ID:		0x20FBC

Network Information:	
	Object Type:		File
	Source Address:		192.168.2.22
	Source Port:		35383
	
Share Information:
	Share Name:		\\*\IPC$
	Share Path:		

Access Request Information:
	Access Mask:		0x1
	Accesses:		ReadData (or ListDirectory)
				
"
Audit Success,3/16/2019 2:50:51 AM,Microsoft-Windows-Security-Auditing,5140,File Share,"A network share object was accessed.
	
Subject:
	Security ID:		ANONYMOUS LOGON
	Account Name:		ANONYMOUS LOGON
	Account Domain:		NT AUTHORITY
	Logon ID:		0x20FBC

Network Information:	
	Object Type:		File
	Source Address:		192.168.2.22
	Source Port:		35383
	
Share Information:
	Share Name:		\\*\IPC$
	Share Path:		

Access Request Information:
	Access Mask:		0x1
	Accesses:		ReadData (or ListDirectory)
				
"
Audit Success,3/16/2019 2:50:51 AM,Microsoft-Windows-Security-Auditing,5140,File Share,"A network share object was accessed.
	
Subject:
	Security ID:		ANONYMOUS LOGON
	Account Name:		ANONYMOUS LOGON
	Account Domain:		NT AUTHORITY
	Logon ID:		0x20FBC

Network Information:	
	Object Type:		File
	Source Address:		192.168.2.22
	Source Port:		35383
	
Share Information:
	Share Name:		\\*\IPC$
	Share Path:		

Access Request Information:
	Access Mask:		0x1
	Accesses:		ReadData (or ListDirectory)
				
"
Audit Success,3/16/2019 2:50:51 AM,Microsoft-Windows-Security-Auditing,5140,File Share,"A network share object was accessed.
	
Subject:
	Security ID:		ANONYMOUS LOGON
	Account Name:		ANONYMOUS LOGON
	Account Domain:		NT AUTHORITY
	Logon ID:		0x20FBC

Network Information:	
	Object Type:		File
	Source Address:		192.168.2.22
	Source Port:		35383
	
Share Information:
	Share Name:		\\*\IPC$
	Share Path:		

Access Request Information:
	Access Mask:		0x1
	Accesses:		ReadData (or ListDirectory)
				
"
Audit Success,3/16/2019 2:50:51 AM,Microsoft-Windows-Security-Auditing,5140,File Share,"A network share object was accessed.
	
Subject:
	Security ID:		ANONYMOUS LOGON
	Account Name:		ANONYMOUS LOGON
	Account Domain:		NT AUTHORITY
	Logon ID:		0x20FBC

Network Information:	
	Object Type:		File
	Source Address:		192.168.2.22
	Source Port:		35383
	
Share Information:
	Share Name:		\\*\IPC$
	Share Path:		

Access Request Information:
	Access Mask:		0x1
	Accesses:		ReadData (or ListDirectory)
				
"
Audit Success,3/16/2019 2:50:51 AM,Microsoft-Windows-Security-Auditing,5140,File Share,"A network share object was accessed.
	
Subject:
	Security ID:		ANONYMOUS LOGON
	Account Name:		ANONYMOUS LOGON
	Account Domain:		NT AUTHORITY
	Logon ID:		0x20FBC

Network Information:	
	Object Type:		File
	Source Address:		192.168.2.22
	Source Port:		35383
	
Share Information:
	Share Name:		\\*\IPC$
	Share Path:		

Access Request Information:
	Access Mask:		0x1
	Accesses:		ReadData (or ListDirectory)
				
"
Audit Success,3/16/2019 2:50:50 AM,Microsoft-Windows-Security-Auditing,5140,File Share,"A network share object was accessed.
	
Subject:
	Security ID:		ANONYMOUS LOGON
	Account Name:		ANONYMOUS LOGON
	Account Domain:		NT AUTHORITY
	Logon ID:		0x20FBC

Network Information:	
	Object Type:		File
	Source Address:		192.168.2.22
	Source Port:		35383
	
Share Information:
	Share Name:		\\*\IPC$
	Share Path:		

Access Request Information:
	Access Mask:		0x1
	Accesses:		ReadData (or ListDirectory)
				
"
Audit Success,3/16/2019 2:50:50 AM,Microsoft-Windows-Security-Auditing,5140,File Share,"A network share object was accessed.
	
Subject:
	Security ID:		ANONYMOUS LOGON
	Account Name:		ANONYMOUS LOGON
	Account Domain:		NT AUTHORITY
	Logon ID:		0x20FBC

Network Information:	
	Object Type:		File
	Source Address:		192.168.2.22
	Source Port:		35383
	
Share Information:
	Share Name:		\\*\IPC$
	Share Path:		

Access Request Information:
	Access Mask:		0x1
	Accesses:		ReadData (or ListDirectory)
				
"
Audit Success,3/16/2019 2:50:50 AM,Microsoft-Windows-Security-Auditing,5140,File Share,"A network share object was accessed.
	
Subject:
	Security ID:		ANONYMOUS LOGON
	Account Name:		ANONYMOUS LOGON
	Account Domain:		NT AUTHORITY
	Logon ID:		0x20FBC

Network Information:	
	Object Type:		File
	Source Address:		192.168.2.22
	Source Port:		35383
	
Share Information:
	Share Name:		\\*\IPC$
	Share Path:		

Access Request Information:
	Access Mask:		0x1
	Accesses:		ReadData (or ListDirectory)
				
"
Audit Success,3/16/2019 2:50:50 AM,Microsoft-Windows-Security-Auditing,5140,File Share,"A network share object was accessed.
	
Subject:
	Security ID:		ANONYMOUS LOGON
	Account Name:		ANONYMOUS LOGON
	Account Domain:		NT AUTHORITY
	Logon ID:		0x20FBC

Network Information:	
	Object Type:		File
	Source Address:		192.168.2.22
	Source Port:		35383
	
Share Information:
	Share Name:		\\*\IPC$
	Share Path:		

Access Request Information:
	Access Mask:		0x1
	Accesses:		ReadData (or ListDirectory)
				
"
Audit Success,3/16/2019 2:50:50 AM,Microsoft-Windows-Security-Auditing,5140,File Share,"A network share object was accessed.
	
Subject:
	Security ID:		ANONYMOUS LOGON
	Account Name:		ANONYMOUS LOGON
	Account Domain:		NT AUTHORITY
	Logon ID:		0x20FBC

Network Information:	
	Object Type:		File
	Source Address:		192.168.2.22
	Source Port:		35383
	
Share Information:
	Share Name:		\\*\IPC$
	Share Path:		

Access Request Information:
	Access Mask:		0x1
	Accesses:		ReadData (or ListDirectory)
				
"
Audit Success,3/16/2019 2:50:50 AM,Microsoft-Windows-Security-Auditing,4688,Process Creation,"A new process has been created.

Creator Subject:
	Security ID:		EXAMPLE2\Administrator
	Account Name:		Administrator
	Account Domain:		EXAMPLE2
	Logon ID:		0x69268

Target Subject:
	Security ID:		NULL SID
	Account Name:		-
	Account Domain:		-
	Logon ID:		0x0

Process Information:
	New Process ID:		0xdec
	New Process Name:	C:\Windows\System32\conhost.exe
	Token Elevation Type:	%%1936
	Mandatory Label:		Mandatory Label\High Mandatory Level
	Creator Process ID:	0xe34
	Creator Process Name:	C:\Windows\System32\Configure-SMRemoting.exe
	Process Command Line:	

Token Elevation Type indicates the type of token that was assigned to the new process in accordance with User Account Control policy.

Type 1 is a full token with no privileges removed or groups disabled.  A full token is only used if User Account Control is disabled or if the user is the built-in Administrator account or a service account.

Type 2 is an elevated token with no privileges removed or groups disabled.  An elevated token is used when User Account Control is enabled and the user chooses to start the program using Run as administrator.  An elevated token is also used when an application is configured to always require administrative privilege or to always require maximum privilege, and the user is a member of the Administrators group.

Type 3 is a limited token with administrative privileges removed and administrative groups disabled.  The limited token is used when User Account Control is enabled, the application does not require administrative privilege, and the user does not choose to start the program using Run as administrator."
Audit Success,3/16/2019 2:50:50 AM,Microsoft-Windows-Security-Auditing,4688,Process Creation,"A new process has been created.

Creator Subject:
	Security ID:		EXAMPLE2\Administrator
	Account Name:		Administrator
	Account Domain:		EXAMPLE2
	Logon ID:		0x69268

Target Subject:
	Security ID:		NULL SID
	Account Name:		-
	Account Domain:		-
	Logon ID:		0x0

Process Information:
	New Process ID:		0xe34
	New Process Name:	C:\Windows\System32\Configure-SMRemoting.exe
	Token Elevation Type:	%%1936
	Mandatory Label:		Mandatory Label\High Mandatory Level
	Creator Process ID:	0x7ac
	Creator Process Name:	C:\Windows\System32\ServerManager.exe
	Process Command Line:	

Token Elevation Type indicates the type of token that was assigned to the new process in accordance with User Account Control policy.

Type 1 is a full token with no privileges removed or groups disabled.  A full token is only used if User Account Control is disabled or if the user is the built-in Administrator account or a service account.

Type 2 is an elevated token with no privileges removed or groups disabled.  An elevated token is used when User Account Control is enabled and the user chooses to start the program using Run as administrator.  An elevated token is also used when an application is configured to always require administrative privilege or to always require maximum privilege, and the user is a member of the Administrators group.

Type 3 is a limited token with administrative privileges removed and administrative groups disabled.  The limited token is used when User Account Control is enabled, the application does not require administrative privilege, and the user does not choose to start the program using Run as administrator."
Audit Success,3/16/2019 2:50:50 AM,Microsoft-Windows-Security-Auditing,5140,File Share,"A network share object was accessed.
	
Subject:
	Security ID:		ANONYMOUS LOGON
	Account Name:		ANONYMOUS LOGON
	Account Domain:		NT AUTHORITY
	Logon ID:		0x20FBC

Network Information:	
	Object Type:		File
	Source Address:		192.168.2.22
	Source Port:		35383
	
Share Information:
	Share Name:		\\*\IPC$
	Share Path:		

Access Request Information:
	Access Mask:		0x1
	Accesses:		ReadData (or ListDirectory)
				
"
Audit Success,3/16/2019 2:50:50 AM,Microsoft-Windows-Security-Auditing,5140,File Share,"A network share object was accessed.
	
Subject:
	Security ID:		ANONYMOUS LOGON
	Account Name:		ANONYMOUS LOGON
	Account Domain:		NT AUTHORITY
	Logon ID:		0x20FBC

Network Information:	
	Object Type:		File
	Source Address:		192.168.2.22
	Source Port:		35383
	
Share Information:
	Share Name:		\\*\IPC$
	Share Path:		

Access Request Information:
	Access Mask:		0x1
	Accesses:		ReadData (or ListDirectory)
				
"
Audit Success,3/16/2019 2:50:50 AM,Microsoft-Windows-Security-Auditing,5140,File Share,"A network share object was accessed.
	
Subject:
	Security ID:		ANONYMOUS LOGON
	Account Name:		ANONYMOUS LOGON
	Account Domain:		NT AUTHORITY
	Logon ID:		0x20FBC

Network Information:	
	Object Type:		File
	Source Address:		192.168.2.22
	Source Port:		35383
	
Share Information:
	Share Name:		\\*\IPC$
	Share Path:		

Access Request Information:
	Access Mask:		0x1
	Accesses:		ReadData (or ListDirectory)
				
"
Audit Success,3/16/2019 2:50:50 AM,Microsoft-Windows-Security-Auditing,5140,File Share,"A network share object was accessed.
	
Subject:
	Security ID:		ANONYMOUS LOGON
	Account Name:		ANONYMOUS LOGON
	Account Domain:		NT AUTHORITY
	Logon ID:		0x20FBC

Network Information:	
	Object Type:		File
	Source Address:		192.168.2.22
	Source Port:		35383
	
Share Information:
	Share Name:		\\*\IPC$
	Share Path:		

Access Request Information:
	Access Mask:		0x1
	Accesses:		ReadData (or ListDirectory)
				
"
Audit Success,3/16/2019 2:50:50 AM,Microsoft-Windows-Security-Auditing,5140,File Share,"A network share object was accessed.
	
Subject:
	Security ID:		ANONYMOUS LOGON
	Account Name:		ANONYMOUS LOGON
	Account Domain:		NT AUTHORITY
	Logon ID:		0x20FBC

Network Information:	
	Object Type:		File
	Source Address:		192.168.2.22
	Source Port:		35383
	
Share Information:
	Share Name:		\\*\IPC$
	Share Path:		

Access Request Information:
	Access Mask:		0x1
	Accesses:		ReadData (or ListDirectory)
				
"
Audit Success,3/16/2019 2:50:50 AM,Microsoft-Windows-Security-Auditing,5140,File Share,"A network share object was accessed.
	
Subject:
	Security ID:		ANONYMOUS LOGON
	Account Name:		ANONYMOUS LOGON
	Account Domain:		NT AUTHORITY
	Logon ID:		0x20FBC

Network Information:	
	Object Type:		File
	Source Address:		192.168.2.22
	Source Port:		35383
	
Share Information:
	Share Name:		\\*\IPC$
	Share Path:		

Access Request Information:
	Access Mask:		0x1
	Accesses:		ReadData (or ListDirectory)
				
"
Audit Success,3/16/2019 2:50:50 AM,Microsoft-Windows-Security-Auditing,5140,File Share,"A network share object was accessed.
	
Subject:
	Security ID:		ANONYMOUS LOGON
	Account Name:		ANONYMOUS LOGON
	Account Domain:		NT AUTHORITY
	Logon ID:		0x20FBC

Network Information:	
	Object Type:		File
	Source Address:		192.168.2.22
	Source Port:		35383
	
Share Information:
	Share Name:		\\*\IPC$
	Share Path:		

Access Request Information:
	Access Mask:		0x1
	Accesses:		ReadData (or ListDirectory)
				
"
Audit Success,3/16/2019 2:50:50 AM,Microsoft-Windows-Security-Auditing,5140,File Share,"A network share object was accessed.
	
Subject:
	Security ID:		ANONYMOUS LOGON
	Account Name:		ANONYMOUS LOGON
	Account Domain:		NT AUTHORITY
	Logon ID:		0x20FBC

Network Information:	
	Object Type:		File
	Source Address:		192.168.2.22
	Source Port:		35383
	
Share Information:
	Share Name:		\\*\IPC$
	Share Path:		

Access Request Information:
	Access Mask:		0x1
	Accesses:		ReadData (or ListDirectory)
				
"
Audit Success,3/16/2019 2:50:50 AM,Microsoft-Windows-Security-Auditing,5140,File Share,"A network share object was accessed.
	
Subject:
	Security ID:		ANONYMOUS LOGON
	Account Name:		ANONYMOUS LOGON
	Account Domain:		NT AUTHORITY
	Logon ID:		0x20FBC

Network Information:	
	Object Type:		File
	Source Address:		192.168.2.22
	Source Port:		35383
	
Share Information:
	Share Name:		\\*\IPC$
	Share Path:		

Access Request Information:
	Access Mask:		0x1
	Accesses:		ReadData (or ListDirectory)
				
"
Audit Success,3/16/2019 2:50:50 AM,Microsoft-Windows-Security-Auditing,5140,File Share,"A network share object was accessed.
	
Subject:
	Security ID:		ANONYMOUS LOGON
	Account Name:		ANONYMOUS LOGON
	Account Domain:		NT AUTHORITY
	Logon ID:		0x20FBC

Network Information:	
	Object Type:		File
	Source Address:		192.168.2.22
	Source Port:		35383
	
Share Information:
	Share Name:		\\*\IPC$
	Share Path:		

Access Request Information:
	Access Mask:		0x1
	Accesses:		ReadData (or ListDirectory)
				
"
Audit Success,3/16/2019 2:50:49 AM,Microsoft-Windows-Security-Auditing,5140,File Share,"A network share object was accessed.
	
Subject:
	Security ID:		ANONYMOUS LOGON
	Account Name:		ANONYMOUS LOGON
	Account Domain:		NT AUTHORITY
	Logon ID:		0x20FBC

Network Information:	
	Object Type:		File
	Source Address:		192.168.2.22
	Source Port:		35383
	
Share Information:
	Share Name:		\\*\IPC$
	Share Path:		

Access Request Information:
	Access Mask:		0x1
	Accesses:		ReadData (or ListDirectory)
				
"
Audit Success,3/16/2019 2:50:49 AM,Microsoft-Windows-Security-Auditing,5140,File Share,"A network share object was accessed.
	
Subject:
	Security ID:		ANONYMOUS LOGON
	Account Name:		ANONYMOUS LOGON
	Account Domain:		NT AUTHORITY
	Logon ID:		0x20FBC

Network Information:	
	Object Type:		File
	Source Address:		192.168.2.22
	Source Port:		35383
	
Share Information:
	Share Name:		\\*\IPC$
	Share Path:		

Access Request Information:
	Access Mask:		0x1
	Accesses:		ReadData (or ListDirectory)
				
"
Audit Success,3/16/2019 2:50:49 AM,Microsoft-Windows-Security-Auditing,5140,File Share,"A network share object was accessed.
	
Subject:
	Security ID:		ANONYMOUS LOGON
	Account Name:		ANONYMOUS LOGON
	Account Domain:		NT AUTHORITY
	Logon ID:		0x20FBC

Network Information:	
	Object Type:		File
	Source Address:		192.168.2.22
	Source Port:		35383
	
Share Information:
	Share Name:		\\*\IPC$
	Share Path:		

Access Request Information:
	Access Mask:		0x1
	Accesses:		ReadData (or ListDirectory)
				
"
Audit Success,3/16/2019 2:50:49 AM,Microsoft-Windows-Security-Auditing,5140,File Share,"A network share object was accessed.
	
Subject:
	Security ID:		ANONYMOUS LOGON
	Account Name:		ANONYMOUS LOGON
	Account Domain:		NT AUTHORITY
	Logon ID:		0x20FBC

Network Information:	
	Object Type:		File
	Source Address:		192.168.2.22
	Source Port:		35383
	
Share Information:
	Share Name:		\\*\IPC$
	Share Path:		

Access Request Information:
	Access Mask:		0x1
	Accesses:		ReadData (or ListDirectory)
				
"
Audit Success,3/16/2019 2:50:49 AM,Microsoft-Windows-Security-Auditing,5140,File Share,"A network share object was accessed.
	
Subject:
	Security ID:		ANONYMOUS LOGON
	Account Name:		ANONYMOUS LOGON
	Account Domain:		NT AUTHORITY
	Logon ID:		0x20FBC

Network Information:	
	Object Type:		File
	Source Address:		192.168.2.22
	Source Port:		35383
	
Share Information:
	Share Name:		\\*\IPC$
	Share Path:		

Access Request Information:
	Access Mask:		0x1
	Accesses:		ReadData (or ListDirectory)
				
"
Audit Success,3/16/2019 2:50:49 AM,Microsoft-Windows-Security-Auditing,5140,File Share,"A network share object was accessed.
	
Subject:
	Security ID:		ANONYMOUS LOGON
	Account Name:		ANONYMOUS LOGON
	Account Domain:		NT AUTHORITY
	Logon ID:		0x20FBC

Network Information:	
	Object Type:		File
	Source Address:		192.168.2.22
	Source Port:		35383
	
Share Information:
	Share Name:		\\*\IPC$
	Share Path:		

Access Request Information:
	Access Mask:		0x1
	Accesses:		ReadData (or ListDirectory)
				
"
Audit Success,3/16/2019 2:50:49 AM,Microsoft-Windows-Security-Auditing,5140,File Share,"A network share object was accessed.
	
Subject:
	Security ID:		ANONYMOUS LOGON
	Account Name:		ANONYMOUS LOGON
	Account Domain:		NT AUTHORITY
	Logon ID:		0x20FBC

Network Information:	
	Object Type:		File
	Source Address:		192.168.2.22
	Source Port:		35383
	
Share Information:
	Share Name:		\\*\IPC$
	Share Path:		

Access Request Information:
	Access Mask:		0x1
	Accesses:		ReadData (or ListDirectory)
				
"
