Keywords,Date and Time,Source,Event ID,Task Category
Audit Success,3/16/2019 3:54:05 AM,Microsoft-Windows-Security-Auditing,4688,Process Creation,"A new process has been created.

Creator Subject:
	Security ID:		SYSTEM
	Account Name:		DC$
	Account Domain:		EXAMPLE2
	Logon ID:		0x3E7

Target Subject:
	Security ID:		LOCAL SERVICE
	Account Name:		LOCAL SERVICE
	Account Domain:		NT AUTHORITY
	Logon ID:		0x3E5

Process Information:
	New Process ID:		0x9d4
	New Process Name:	C:\Windows\System32\wbem\WmiPrvSE.exe
	Token Elevation Type:	%%1936
	Mandatory Label:		Mandatory Label\System Mandatory Level
	Creator Process ID:	0x2f4
	Creator Process Name:	C:\Windows\System32\svchost.exe
	Process Command Line:	

Token Elevation Type indicates the type of token that was assigned to the new process in accordance with User Account Control policy.

Type 1 is a full token with no privileges removed or groups disabled.  A full token is only used if User Account Control is disabled or if the user is the built-in Administrator account or a service account.

Type 2 is an elevated token with no privileges removed or groups disabled.  An elevated token is used when User Account Control is enabled and the user chooses to start the program using Run as administrator.  An elevated token is also used when an application is configured to always require administrative privilege or to always require maximum privilege, and the user is a member of the Administrators group.

Type 3 is a limited token with administrative privileges removed and administrative groups disabled.  The limited token is used when User Account Control is enabled, the application does not require administrative privilege, and the user does not choose to start the program using Run as administrator."
Audit Failure,3/16/2019 3:54:04 AM,Microsoft-Windows-Security-Auditing,4674,Sensitive Privilege Use,"An operation was attempted on a privileged object.

Subject:
	Security ID:		LOCAL SERVICE
	Account Name:		LOCAL SERVICE
	Account Domain:		NT AUTHORITY
	Logon ID:		0x3E5

Object:
	Object Server:	LSA
	Object Type:	-
	Object Name:	-
	Object Handle:	0x0

Process Information:
	Process ID:	0x248
	Process Name:	C:\Windows\System32\lsass.exe

Requested Operation:
	Desired Access:	16777216
	Privileges:		SeSecurityPrivilege"
Audit Failure,3/16/2019 3:54:04 AM,Microsoft-Windows-Security-Auditing,4674,Sensitive Privilege Use,"An operation was attempted on a privileged object.

Subject:
	Security ID:		LOCAL SERVICE
	Account Name:		LOCAL SERVICE
	Account Domain:		NT AUTHORITY
	Logon ID:		0x3E5

Object:
	Object Server:	LSA
	Object Type:	-
	Object Name:	-
	Object Handle:	0x0

Process Information:
	Process ID:	0x248
	Process Name:	C:\Windows\System32\lsass.exe

Requested Operation:
	Desired Access:	16777216
	Privileges:		SeSecurityPrivilege"
Audit Failure,3/16/2019 3:54:04 AM,Microsoft-Windows-Security-Auditing,4674,Sensitive Privilege Use,"An operation was attempted on a privileged object.

Subject:
	Security ID:		LOCAL SERVICE
	Account Name:		LOCAL SERVICE
	Account Domain:		NT AUTHORITY
	Logon ID:		0x3E5

Object:
	Object Server:	LSA
	Object Type:	-
	Object Name:	-
	Object Handle:	0x0

Process Information:
	Process ID:	0x248
	Process Name:	C:\Windows\System32\lsass.exe

Requested Operation:
	Desired Access:	16777216
	Privileges:		SeSecurityPrivilege"
Audit Failure,3/16/2019 3:54:04 AM,Microsoft-Windows-Security-Auditing,4674,Sensitive Privilege Use,"An operation was attempted on a privileged object.

Subject:
	Security ID:		LOCAL SERVICE
	Account Name:		LOCAL SERVICE
	Account Domain:		NT AUTHORITY
	Logon ID:		0x3E5

Object:
	Object Server:	LSA
	Object Type:	-
	Object Name:	-
	Object Handle:	0x0

Process Information:
	Process ID:	0x248
	Process Name:	C:\Windows\System32\lsass.exe

Requested Operation:
	Desired Access:	16777216
	Privileges:		SeSecurityPrivilege"
Audit Success,3/16/2019 3:54:04 AM,Microsoft-Windows-Security-Auditing,5140,File Share,"A network share object was accessed.
	
Subject:
	Security ID:		SYSTEM
	Account Name:		DC$
	Account Domain:		EXAMPLE2
	Logon ID:		0x3A9668

Network Information:	
	Object Type:		File
	Source Address:		fe80::2cfd:5e25:60dd:6ce0
	Source Port:		50515
	
Share Information:
	Share Name:		\\*\SYSVOL
	Share Path:		\??\C:\Windows\SYSVOL\sysvol

Access Request Information:
	Access Mask:		0x1
	Accesses:		ReadData (or ListDirectory)
				
"
Audit Success,3/16/2019 3:54:02 AM,Microsoft-Windows-Security-Auditing,4688,Process Creation,"A new process has been created.

Creator Subject:
	Security ID:		EXAMPLE2\Administrator
	Account Name:		Administrator
	Account Domain:		EXAMPLE2
	Logon ID:		0x69268

Target Subject:
	Security ID:		NULL SID
	Account Name:		-
	Account Domain:		-
	Logon ID:		0x0

Process Information:
	New Process ID:		0x16a4
	New Process Name:	C:\Windows\System32\conhost.exe
	Token Elevation Type:	%%1936
	Mandatory Label:		Mandatory Label\High Mandatory Level
	Creator Process ID:	0x1078
	Creator Process Name:	C:\Windows\System32\Configure-SMRemoting.exe
	Process Command Line:	

Token Elevation Type indicates the type of token that was assigned to the new process in accordance with User Account Control policy.

Type 1 is a full token with no privileges removed or groups disabled.  A full token is only used if User Account Control is disabled or if the user is the built-in Administrator account or a service account.

Type 2 is an elevated token with no privileges removed or groups disabled.  An elevated token is used when User Account Control is enabled and the user chooses to start the program using Run as administrator.  An elevated token is also used when an application is configured to always require administrative privilege or to always require maximum privilege, and the user is a member of the Administrators group.

Type 3 is a limited token with administrative privileges removed and administrative groups disabled.  The limited token is used when User Account Control is enabled, the application does not require administrative privilege, and the user does not choose to start the program using Run as administrator."
Audit Success,3/16/2019 3:54:02 AM,Microsoft-Windows-Security-Auditing,4688,Process Creation,"A new process has been created.

Creator Subject:
	Security ID:		EXAMPLE2\Administrator
	Account Name:		Administrator
	Account Domain:		EXAMPLE2
	Logon ID:		0x69268

Target Subject:
	Security ID:		NULL SID
	Account Name:		-
	Account Domain:		-
	Logon ID:		0x0

Process Information:
	New Process ID:		0x1078
	New Process Name:	C:\Windows\System32\Configure-SMRemoting.exe
	Token Elevation Type:	%%1936
	Mandatory Label:		Mandatory Label\High Mandatory Level
	Creator Process ID:	0x7ac
	Creator Process Name:	C:\Windows\System32\ServerManager.exe
	Process Command Line:	

Token Elevation Type indicates the type of token that was assigned to the new process in accordance with User Account Control policy.

Type 1 is a full token with no privileges removed or groups disabled.  A full token is only used if User Account Control is disabled or if the user is the built-in Administrator account or a service account.

Type 2 is an elevated token with no privileges removed or groups disabled.  An elevated token is used when User Account Control is enabled and the user chooses to start the program using Run as administrator.  An elevated token is also used when an application is configured to always require administrative privilege or to always require maximum privilege, and the user is a member of the Administrators group.

Type 3 is a limited token with administrative privileges removed and administrative groups disabled.  The limited token is used when User Account Control is enabled, the application does not require administrative privilege, and the user does not choose to start the program using Run as administrator."
Audit Success,3/16/2019 3:53:38 AM,Microsoft-Windows-Security-Auditing,4688,Process Creation,"A new process has been created.

Creator Subject:
	Security ID:		SYSTEM
	Account Name:		DC$
	Account Domain:		EXAMPLE2
	Logon ID:		0x3E7

Target Subject:
	Security ID:		NULL SID
	Account Name:		DC$
	Account Domain:		EXAMPLE2
	Logon ID:		0x3E4

Process Information:
	New Process ID:		0x1378
	New Process Name:	C:\Windows\System32\sppsvc.exe
	Token Elevation Type:	%%1936
	Mandatory Label:		Mandatory Label\System Mandatory Level
	Creator Process ID:	0x240
	Creator Process Name:	C:\Windows\System32\services.exe
	Process Command Line:	

Token Elevation Type indicates the type of token that was assigned to the new process in accordance with User Account Control policy.

Type 1 is a full token with no privileges removed or groups disabled.  A full token is only used if User Account Control is disabled or if the user is the built-in Administrator account or a service account.

Type 2 is an elevated token with no privileges removed or groups disabled.  An elevated token is used when User Account Control is enabled and the user chooses to start the program using Run as administrator.  An elevated token is also used when an application is configured to always require administrative privilege or to always require maximum privilege, and the user is a member of the Administrators group.

Type 3 is a limited token with administrative privileges removed and administrative groups disabled.  The limited token is used when User Account Control is enabled, the application does not require administrative privilege, and the user does not choose to start the program using Run as administrator."
Audit Success,3/16/2019 3:52:55 AM,Microsoft-Windows-Security-Auditing,5140,File Share,"A network share object was accessed.
	
Subject:
	Security ID:		NETWORK SERVICE
	Account Name:		DC$
	Account Domain:		EXAMPLE2
	Logon ID:		0x3E4

Network Information:	
	Object Type:		File
	Source Address:		fe80::2cfd:5e25:60dd:6ce0
	Source Port:		50505
	
Share Information:
	Share Name:		\\*\IPC$
	Share Path:		

Access Request Information:
	Access Mask:		0x1
	Accesses:		ReadData (or ListDirectory)
				
"
Audit Success,3/16/2019 3:52:44 AM,Microsoft-Windows-Security-Auditing,5140,File Share,"A network share object was accessed.
	
Subject:
	Security ID:		NETWORK SERVICE
	Account Name:		DC$
	Account Domain:		EXAMPLE2
	Logon ID:		0x3E4

Network Information:	
	Object Type:		File
	Source Address:		fe80::2cfd:5e25:60dd:6ce0
	Source Port:		61005
	
Share Information:
	Share Name:		\\*\IPC$
	Share Path:		

Access Request Information:
	Access Mask:		0x1
	Accesses:		ReadData (or ListDirectory)
				
"
Audit Success,3/16/2019 3:52:05 AM,Microsoft-Windows-Security-Auditing,4688,Process Creation,"A new process has been created.

Creator Subject:
	Security ID:		SYSTEM
	Account Name:		DC$
	Account Domain:		EXAMPLE2
	Logon ID:		0x3E7

Target Subject:
	Security ID:		LOCAL SERVICE
	Account Name:		LOCAL SERVICE
	Account Domain:		NT AUTHORITY
	Logon ID:		0x3E5

Process Information:
	New Process ID:		0x1410
	New Process Name:	C:\Windows\System32\wbem\WmiPrvSE.exe
	Token Elevation Type:	%%1936
	Mandatory Label:		Mandatory Label\System Mandatory Level
	Creator Process ID:	0x2f4
	Creator Process Name:	C:\Windows\System32\svchost.exe
	Process Command Line:	

Token Elevation Type indicates the type of token that was assigned to the new process in accordance with User Account Control policy.

Type 1 is a full token with no privileges removed or groups disabled.  A full token is only used if User Account Control is disabled or if the user is the built-in Administrator account or a service account.

Type 2 is an elevated token with no privileges removed or groups disabled.  An elevated token is used when User Account Control is enabled and the user chooses to start the program using Run as administrator.  An elevated token is also used when an application is configured to always require administrative privilege or to always require maximum privilege, and the user is a member of the Administrators group.

Type 3 is a limited token with administrative privileges removed and administrative groups disabled.  The limited token is used when User Account Control is enabled, the application does not require administrative privilege, and the user does not choose to start the program using Run as administrator."
Audit Success,3/16/2019 3:52:02 AM,Microsoft-Windows-Security-Auditing,4688,Process Creation,"A new process has been created.

Creator Subject:
	Security ID:		EXAMPLE2\Administrator
	Account Name:		Administrator
	Account Domain:		EXAMPLE2
	Logon ID:		0x69268

Target Subject:
	Security ID:		NULL SID
	Account Name:		-
	Account Domain:		-
	Logon ID:		0x0

Process Information:
	New Process ID:		0x650
	New Process Name:	C:\Windows\System32\conhost.exe
	Token Elevation Type:	%%1936
	Mandatory Label:		Mandatory Label\High Mandatory Level
	Creator Process ID:	0x450
	Creator Process Name:	C:\Windows\System32\Configure-SMRemoting.exe
	Process Command Line:	

Token Elevation Type indicates the type of token that was assigned to the new process in accordance with User Account Control policy.

Type 1 is a full token with no privileges removed or groups disabled.  A full token is only used if User Account Control is disabled or if the user is the built-in Administrator account or a service account.

Type 2 is an elevated token with no privileges removed or groups disabled.  An elevated token is used when User Account Control is enabled and the user chooses to start the program using Run as administrator.  An elevated token is also used when an application is configured to always require administrative privilege or to always require maximum privilege, and the user is a member of the Administrators group.

Type 3 is a limited token with administrative privileges removed and administrative groups disabled.  The limited token is used when User Account Control is enabled, the application does not require administrative privilege, and the user does not choose to start the program using Run as administrator."
Audit Success,3/16/2019 3:52:02 AM,Microsoft-Windows-Security-Auditing,4688,Process Creation,"A new process has been created.

Creator Subject:
	Security ID:		EXAMPLE2\Administrator
	Account Name:		Administrator
	Account Domain:		EXAMPLE2
	Logon ID:		0x69268

Target Subject:
	Security ID:		NULL SID
	Account Name:		-
	Account Domain:		-
	Logon ID:		0x0

Process Information:
	New Process ID:		0x450
	New Process Name:	C:\Windows\System32\Configure-SMRemoting.exe
	Token Elevation Type:	%%1936
	Mandatory Label:		Mandatory Label\High Mandatory Level
	Creator Process ID:	0x7ac
	Creator Process Name:	C:\Windows\System32\ServerManager.exe
	Process Command Line:	

Token Elevation Type indicates the type of token that was assigned to the new process in accordance with User Account Control policy.

Type 1 is a full token with no privileges removed or groups disabled.  A full token is only used if User Account Control is disabled or if the user is the built-in Administrator account or a service account.

Type 2 is an elevated token with no privileges removed or groups disabled.  An elevated token is used when User Account Control is enabled and the user chooses to start the program using Run as administrator.  An elevated token is also used when an application is configured to always require administrative privilege or to always require maximum privilege, and the user is a member of the Administrators group.

Type 3 is a limited token with administrative privileges removed and administrative groups disabled.  The limited token is used when User Account Control is enabled, the application does not require administrative privilege, and the user does not choose to start the program using Run as administrator."
Audit Success,3/16/2019 3:50:02 AM,Microsoft-Windows-Security-Auditing,4688,Process Creation,"A new process has been created.

Creator Subject:
	Security ID:		EXAMPLE2\Administrator
	Account Name:		Administrator
	Account Domain:		EXAMPLE2
	Logon ID:		0x69268

Target Subject:
	Security ID:		NULL SID
	Account Name:		-
	Account Domain:		-
	Logon ID:		0x0

Process Information:
	New Process ID:		0x147c
	New Process Name:	C:\Windows\System32\conhost.exe
	Token Elevation Type:	%%1936
	Mandatory Label:		Mandatory Label\High Mandatory Level
	Creator Process ID:	0x108c
	Creator Process Name:	C:\Windows\System32\Configure-SMRemoting.exe
	Process Command Line:	

Token Elevation Type indicates the type of token that was assigned to the new process in accordance with User Account Control policy.

Type 1 is a full token with no privileges removed or groups disabled.  A full token is only used if User Account Control is disabled or if the user is the built-in Administrator account or a service account.

Type 2 is an elevated token with no privileges removed or groups disabled.  An elevated token is used when User Account Control is enabled and the user chooses to start the program using Run as administrator.  An elevated token is also used when an application is configured to always require administrative privilege or to always require maximum privilege, and the user is a member of the Administrators group.

Type 3 is a limited token with administrative privileges removed and administrative groups disabled.  The limited token is used when User Account Control is enabled, the application does not require administrative privilege, and the user does not choose to start the program using Run as administrator."
Audit Success,3/16/2019 3:50:02 AM,Microsoft-Windows-Security-Auditing,4688,Process Creation,"A new process has been created.

Creator Subject:
	Security ID:		EXAMPLE2\Administrator
	Account Name:		Administrator
	Account Domain:		EXAMPLE2
	Logon ID:		0x69268

Target Subject:
	Security ID:		NULL SID
	Account Name:		-
	Account Domain:		-
	Logon ID:		0x0

Process Information:
	New Process ID:		0x108c
	New Process Name:	C:\Windows\System32\Configure-SMRemoting.exe
	Token Elevation Type:	%%1936
	Mandatory Label:		Mandatory Label\High Mandatory Level
	Creator Process ID:	0x7ac
	Creator Process Name:	C:\Windows\System32\ServerManager.exe
	Process Command Line:	

Token Elevation Type indicates the type of token that was assigned to the new process in accordance with User Account Control policy.

Type 1 is a full token with no privileges removed or groups disabled.  A full token is only used if User Account Control is disabled or if the user is the built-in Administrator account or a service account.

Type 2 is an elevated token with no privileges removed or groups disabled.  An elevated token is used when User Account Control is enabled and the user chooses to start the program using Run as administrator.  An elevated token is also used when an application is configured to always require administrative privilege or to always require maximum privilege, and the user is a member of the Administrators group.

Type 3 is a limited token with administrative privileges removed and administrative groups disabled.  The limited token is used when User Account Control is enabled, the application does not require administrative privilege, and the user does not choose to start the program using Run as administrator."
Audit Success,3/16/2019 3:49:56 AM,Microsoft-Windows-Security-Auditing,4688,Process Creation,"A new process has been created.

Creator Subject:
	Security ID:		SYSTEM
	Account Name:		DC$
	Account Domain:		EXAMPLE2
	Logon ID:		0x3E7

Target Subject:
	Security ID:		NULL SID
	Account Name:		-
	Account Domain:		-
	Logon ID:		0x0

Process Information:
	New Process ID:		0x12b8
	New Process Name:	C:\Windows\System32\wbem\WmiPrvSE.exe
	Token Elevation Type:	%%1936
	Mandatory Label:		Mandatory Label\System Mandatory Level
	Creator Process ID:	0x2f4
	Creator Process Name:	C:\Windows\System32\svchost.exe
	Process Command Line:	

Token Elevation Type indicates the type of token that was assigned to the new process in accordance with User Account Control policy.

Type 1 is a full token with no privileges removed or groups disabled.  A full token is only used if User Account Control is disabled or if the user is the built-in Administrator account or a service account.

Type 2 is an elevated token with no privileges removed or groups disabled.  An elevated token is used when User Account Control is enabled and the user chooses to start the program using Run as administrator.  An elevated token is also used when an application is configured to always require administrative privilege or to always require maximum privilege, and the user is a member of the Administrators group.

Type 3 is a limited token with administrative privileges removed and administrative groups disabled.  The limited token is used when User Account Control is enabled, the application does not require administrative privilege, and the user does not choose to start the program using Run as administrator."
Audit Success,3/16/2019 3:49:55 AM,Microsoft-Windows-Security-Auditing,4674,Sensitive Privilege Use,"An operation was attempted on a privileged object.

Subject:
	Security ID:		EXAMPLE2\Administrator
	Account Name:		Administrator
	Account Domain:		EXAMPLE2
	Logon ID:		0x69268

Object:
	Object Server:	Security
	Object Type:	-
	Object Name:	-
	Object Handle:	0x7dc

Process Information:
	Process ID:	0x43c
	Process Name:	C:\Windows\System32\wbem\WmiPrvSE.exe

Requested Operation:
	Desired Access:	17760319
	Privileges:		SeSecurityPrivilege"
Audit Success,3/16/2019 3:49:55 AM,Microsoft-Windows-Security-Auditing,4674,Sensitive Privilege Use,"An operation was attempted on a privileged object.

Subject:
	Security ID:		EXAMPLE2\Administrator
	Account Name:		Administrator
	Account Domain:		EXAMPLE2
	Logon ID:		0x69268

Object:
	Object Server:	Security
	Object Type:	Key
	Object Name:	\REGISTRY\MACHINE\SOFTWARE\Microsoft\Windows NT\CurrentVersion\Perflib
	Object Handle:	0x7dc

Process Information:
	Process ID:	0x43c
	Process Name:	C:\Windows\System32\wbem\WmiPrvSE.exe

Requested Operation:
	Desired Access:	DELETE
				READ_CONTROL
				WRITE_DAC
				WRITE_OWNER
				ACCESS_SYS_SEC
				Query key value
				Set key value
				Create sub-key
				Enumerate sub-keys
				Notify about changes to keys
				Create Link
				
	Privileges:		SeSecurityPrivilege"
Audit Success,3/16/2019 3:49:53 AM,Microsoft-Windows-Security-Auditing,4674,Sensitive Privilege Use,"An operation was attempted on a privileged object.

Subject:
	Security ID:		EXAMPLE2\Administrator
	Account Name:		Administrator
	Account Domain:		EXAMPLE2
	Logon ID:		0x69268

Object:
	Object Server:	Security
	Object Type:	-
	Object Name:	-
	Object Handle:	0x740

Process Information:
	Process ID:	0x43c
	Process Name:	C:\Windows\System32\wbem\WmiPrvSE.exe

Requested Operation:
	Desired Access:	17760319
	Privileges:		SeSecurityPrivilege"
Audit Success,3/16/2019 3:49:53 AM,Microsoft-Windows-Security-Auditing,4674,Sensitive Privilege Use,"An operation was attempted on a privileged object.

Subject:
	Security ID:		EXAMPLE2\Administrator
	Account Name:		Administrator
	Account Domain:		EXAMPLE2
	Logon ID:		0x69268

Object:
	Object Server:	Security
	Object Type:	Key
	Object Name:	\REGISTRY\MACHINE\SOFTWARE\Microsoft\Windows NT\CurrentVersion\Perflib
	Object Handle:	0x740

Process Information:
	Process ID:	0x43c
	Process Name:	C:\Windows\System32\wbem\WmiPrvSE.exe

Requested Operation:
	Desired Access:	DELETE
				READ_CONTROL
				WRITE_DAC
				WRITE_OWNER
				ACCESS_SYS_SEC
				Query key value
				Set key value
				Create sub-key
				Enumerate sub-keys
				Notify about changes to keys
				Create Link
				
	Privileges:		SeSecurityPrivilege"
Audit Failure,3/16/2019 3:49:04 AM,Microsoft-Windows-Security-Auditing,4674,Sensitive Privilege Use,"An operation was attempted on a privileged object.

Subject:
	Security ID:		LOCAL SERVICE
	Account Name:		LOCAL SERVICE
	Account Domain:		NT AUTHORITY
	Logon ID:		0x3E5

Object:
	Object Server:	LSA
	Object Type:	-
	Object Name:	-
	Object Handle:	0x0

Process Information:
	Process ID:	0x248
	Process Name:	C:\Windows\System32\lsass.exe

Requested Operation:
	Desired Access:	16777216
	Privileges:		SeSecurityPrivilege"
Audit Failure,3/16/2019 3:49:04 AM,Microsoft-Windows-Security-Auditing,4674,Sensitive Privilege Use,"An operation was attempted on a privileged object.

Subject:
	Security ID:		LOCAL SERVICE
	Account Name:		LOCAL SERVICE
	Account Domain:		NT AUTHORITY
	Logon ID:		0x3E5

Object:
	Object Server:	LSA
	Object Type:	-
	Object Name:	-
	Object Handle:	0x0

Process Information:
	Process ID:	0x248
	Process Name:	C:\Windows\System32\lsass.exe

Requested Operation:
	Desired Access:	16777216
	Privileges:		SeSecurityPrivilege"
Audit Failure,3/16/2019 3:49:04 AM,Microsoft-Windows-Security-Auditing,4674,Sensitive Privilege Use,"An operation was attempted on a privileged object.

Subject:
	Security ID:		LOCAL SERVICE
	Account Name:		LOCAL SERVICE
	Account Domain:		NT AUTHORITY
	Logon ID:		0x3E5

Object:
	Object Server:	LSA
	Object Type:	-
	Object Name:	-
	Object Handle:	0x0

Process Information:
	Process ID:	0x248
	Process Name:	C:\Windows\System32\lsass.exe

Requested Operation:
	Desired Access:	16777216
	Privileges:		SeSecurityPrivilege"
Audit Failure,3/16/2019 3:49:04 AM,Microsoft-Windows-Security-Auditing,4674,Sensitive Privilege Use,"An operation was attempted on a privileged object.

Subject:
	Security ID:		LOCAL SERVICE
	Account Name:		LOCAL SERVICE
	Account Domain:		NT AUTHORITY
	Logon ID:		0x3E5

Object:
	Object Server:	LSA
	Object Type:	-
	Object Name:	-
	Object Handle:	0x0

Process Information:
	Process ID:	0x248
	Process Name:	C:\Windows\System32\lsass.exe

Requested Operation:
	Desired Access:	16777216
	Privileges:		SeSecurityPrivilege"
Audit Success,3/16/2019 3:49:04 AM,Microsoft-Windows-Security-Auditing,5140,File Share,"A network share object was accessed.
	
Subject:
	Security ID:		SYSTEM
	Account Name:		DC$
	Account Domain:		EXAMPLE2
	Logon ID:		0x384A4E

Network Information:	
	Object Type:		File
	Source Address:		::1
	Source Port:		60994
	
Share Information:
	Share Name:		\\*\SYSVOL
	Share Path:		\??\C:\Windows\SYSVOL\sysvol

Access Request Information:
	Access Mask:		0x1
	Accesses:		ReadData (or ListDirectory)
				
"
Audit Success,3/16/2019 3:48:04 AM,Microsoft-Windows-Security-Auditing,4688,Process Creation,"A new process has been created.

Creator Subject:
	Security ID:		SYSTEM
	Account Name:		DC$
	Account Domain:		EXAMPLE2
	Logon ID:		0x3E7

Target Subject:
	Security ID:		LOCAL SERVICE
	Account Name:		LOCAL SERVICE
	Account Domain:		NT AUTHORITY
	Logon ID:		0x3E5

Process Information:
	New Process ID:		0x6e4
	New Process Name:	C:\Windows\System32\wbem\WmiPrvSE.exe
	Token Elevation Type:	%%1936
	Mandatory Label:		Mandatory Label\System Mandatory Level
	Creator Process ID:	0x2f4
	Creator Process Name:	C:\Windows\System32\svchost.exe
	Process Command Line:	

Token Elevation Type indicates the type of token that was assigned to the new process in accordance with User Account Control policy.

Type 1 is a full token with no privileges removed or groups disabled.  A full token is only used if User Account Control is disabled or if the user is the built-in Administrator account or a service account.

Type 2 is an elevated token with no privileges removed or groups disabled.  An elevated token is used when User Account Control is enabled and the user chooses to start the program using Run as administrator.  An elevated token is also used when an application is configured to always require administrative privilege or to always require maximum privilege, and the user is a member of the Administrators group.

Type 3 is a limited token with administrative privileges removed and administrative groups disabled.  The limited token is used when User Account Control is enabled, the application does not require administrative privilege, and the user does not choose to start the program using Run as administrator."
Audit Success,3/16/2019 3:48:02 AM,Microsoft-Windows-Security-Auditing,4688,Process Creation,"A new process has been created.

Creator Subject:
	Security ID:		EXAMPLE2\Administrator
	Account Name:		Administrator
	Account Domain:		EXAMPLE2
	Logon ID:		0x69268

Target Subject:
	Security ID:		NULL SID
	Account Name:		-
	Account Domain:		-
	Logon ID:		0x0

Process Information:
	New Process ID:		0x13ec
	New Process Name:	C:\Windows\System32\conhost.exe
	Token Elevation Type:	%%1936
	Mandatory Label:		Mandatory Label\High Mandatory Level
	Creator Process ID:	0x9d0
	Creator Process Name:	C:\Windows\System32\Configure-SMRemoting.exe
	Process Command Line:	

Token Elevation Type indicates the type of token that was assigned to the new process in accordance with User Account Control policy.

Type 1 is a full token with no privileges removed or groups disabled.  A full token is only used if User Account Control is disabled or if the user is the built-in Administrator account or a service account.

Type 2 is an elevated token with no privileges removed or groups disabled.  An elevated token is used when User Account Control is enabled and the user chooses to start the program using Run as administrator.  An elevated token is also used when an application is configured to always require administrative privilege or to always require maximum privilege, and the user is a member of the Administrators group.

Type 3 is a limited token with administrative privileges removed and administrative groups disabled.  The limited token is used when User Account Control is enabled, the application does not require administrative privilege, and the user does not choose to start the program using Run as administrator."
Audit Success,3/16/2019 3:48:02 AM,Microsoft-Windows-Security-Auditing,4688,Process Creation,"A new process has been created.

Creator Subject:
	Security ID:		EXAMPLE2\Administrator
	Account Name:		Administrator
	Account Domain:		EXAMPLE2
	Logon ID:		0x69268

Target Subject:
	Security ID:		NULL SID
	Account Name:		-
	Account Domain:		-
	Logon ID:		0x0

Process Information:
	New Process ID:		0x9d0
	New Process Name:	C:\Windows\System32\Configure-SMRemoting.exe
	Token Elevation Type:	%%1936
	Mandatory Label:		Mandatory Label\High Mandatory Level
	Creator Process ID:	0x7ac
	Creator Process Name:	C:\Windows\System32\ServerManager.exe
	Process Command Line:	

Token Elevation Type indicates the type of token that was assigned to the new process in accordance with User Account Control policy.

Type 1 is a full token with no privileges removed or groups disabled.  A full token is only used if User Account Control is disabled or if the user is the built-in Administrator account or a service account.

Type 2 is an elevated token with no privileges removed or groups disabled.  An elevated token is used when User Account Control is enabled and the user chooses to start the program using Run as administrator.  An elevated token is also used when an application is configured to always require administrative privilege or to always require maximum privilege, and the user is a member of the Administrators group.

Type 3 is a limited token with administrative privileges removed and administrative groups disabled.  The limited token is used when User Account Control is enabled, the application does not require administrative privilege, and the user does not choose to start the program using Run as administrator."
Audit Success,3/16/2019 3:47:52 AM,Microsoft-Windows-Security-Auditing,5140,File Share,"A network share object was accessed.
	
Subject:
	Security ID:		SYSTEM
	Account Name:		DC$
	Account Domain:		EXAMPLE2
	Logon ID:		0x37D5E0

Network Information:	
	Object Type:		File
	Source Address:		::1
	Source Port:		60986
	
Share Information:
	Share Name:		\\*\SYSVOL
	Share Path:		\??\C:\Windows\SYSVOL\sysvol

Access Request Information:
	Access Mask:		0x1
	Accesses:		ReadData (or ListDirectory)
				
"
Audit Success,3/16/2019 3:46:04 AM,Microsoft-Windows-Security-Auditing,4688,Process Creation,"A new process has been created.

Creator Subject:
	Security ID:		SYSTEM
	Account Name:		DC$
	Account Domain:		EXAMPLE2
	Logon ID:		0x3E7

Target Subject:
	Security ID:		LOCAL SERVICE
	Account Name:		LOCAL SERVICE
	Account Domain:		NT AUTHORITY
	Logon ID:		0x3E5

Process Information:
	New Process ID:		0x102c
	New Process Name:	C:\Windows\System32\wbem\WmiPrvSE.exe
	Token Elevation Type:	%%1936
	Mandatory Label:		Mandatory Label\System Mandatory Level
	Creator Process ID:	0x2f4
	Creator Process Name:	C:\Windows\System32\svchost.exe
	Process Command Line:	

Token Elevation Type indicates the type of token that was assigned to the new process in accordance with User Account Control policy.

Type 1 is a full token with no privileges removed or groups disabled.  A full token is only used if User Account Control is disabled or if the user is the built-in Administrator account or a service account.

Type 2 is an elevated token with no privileges removed or groups disabled.  An elevated token is used when User Account Control is enabled and the user chooses to start the program using Run as administrator.  An elevated token is also used when an application is configured to always require administrative privilege or to always require maximum privilege, and the user is a member of the Administrators group.

Type 3 is a limited token with administrative privileges removed and administrative groups disabled.  The limited token is used when User Account Control is enabled, the application does not require administrative privilege, and the user does not choose to start the program using Run as administrator."
Audit Success,3/16/2019 3:46:02 AM,Microsoft-Windows-Security-Auditing,4688,Process Creation,"A new process has been created.

Creator Subject:
	Security ID:		EXAMPLE2\Administrator
	Account Name:		Administrator
	Account Domain:		EXAMPLE2
	Logon ID:		0x69268

Target Subject:
	Security ID:		NULL SID
	Account Name:		-
	Account Domain:		-
	Logon ID:		0x0

Process Information:
	New Process ID:		0x7a8
	New Process Name:	C:\Windows\System32\conhost.exe
	Token Elevation Type:	%%1936
	Mandatory Label:		Mandatory Label\High Mandatory Level
	Creator Process ID:	0x14f8
	Creator Process Name:	C:\Windows\System32\Configure-SMRemoting.exe
	Process Command Line:	

Token Elevation Type indicates the type of token that was assigned to the new process in accordance with User Account Control policy.

Type 1 is a full token with no privileges removed or groups disabled.  A full token is only used if User Account Control is disabled or if the user is the built-in Administrator account or a service account.

Type 2 is an elevated token with no privileges removed or groups disabled.  An elevated token is used when User Account Control is enabled and the user chooses to start the program using Run as administrator.  An elevated token is also used when an application is configured to always require administrative privilege or to always require maximum privilege, and the user is a member of the Administrators group.

Type 3 is a limited token with administrative privileges removed and administrative groups disabled.  The limited token is used when User Account Control is enabled, the application does not require administrative privilege, and the user does not choose to start the program using Run as administrator."
Audit Success,3/16/2019 3:46:02 AM,Microsoft-Windows-Security-Auditing,4688,Process Creation,"A new process has been created.

Creator Subject:
	Security ID:		EXAMPLE2\Administrator
	Account Name:		Administrator
	Account Domain:		EXAMPLE2
	Logon ID:		0x69268

Target Subject:
	Security ID:		NULL SID
	Account Name:		-
	Account Domain:		-
	Logon ID:		0x0

Process Information:
	New Process ID:		0x14f8
	New Process Name:	C:\Windows\System32\Configure-SMRemoting.exe
	Token Elevation Type:	%%1936
	Mandatory Label:		Mandatory Label\High Mandatory Level
	Creator Process ID:	0x7ac
	Creator Process Name:	C:\Windows\System32\ServerManager.exe
	Process Command Line:	

Token Elevation Type indicates the type of token that was assigned to the new process in accordance with User Account Control policy.

Type 1 is a full token with no privileges removed or groups disabled.  A full token is only used if User Account Control is disabled or if the user is the built-in Administrator account or a service account.

Type 2 is an elevated token with no privileges removed or groups disabled.  An elevated token is used when User Account Control is enabled and the user chooses to start the program using Run as administrator.  An elevated token is also used when an application is configured to always require administrative privilege or to always require maximum privilege, and the user is a member of the Administrators group.

Type 3 is a limited token with administrative privileges removed and administrative groups disabled.  The limited token is used when User Account Control is enabled, the application does not require administrative privilege, and the user does not choose to start the program using Run as administrator."
Audit Success,3/16/2019 3:44:04 AM,Microsoft-Windows-Security-Auditing,4688,Process Creation,"A new process has been created.

Creator Subject:
	Security ID:		SYSTEM
	Account Name:		DC$
	Account Domain:		EXAMPLE2
	Logon ID:		0x3E7

Target Subject:
	Security ID:		LOCAL SERVICE
	Account Name:		LOCAL SERVICE
	Account Domain:		NT AUTHORITY
	Logon ID:		0x3E5

Process Information:
	New Process ID:		0xe38
	New Process Name:	C:\Windows\System32\wbem\WmiPrvSE.exe
	Token Elevation Type:	%%1936
	Mandatory Label:		Mandatory Label\System Mandatory Level
	Creator Process ID:	0x2f4
	Creator Process Name:	C:\Windows\System32\svchost.exe
	Process Command Line:	

Token Elevation Type indicates the type of token that was assigned to the new process in accordance with User Account Control policy.

Type 1 is a full token with no privileges removed or groups disabled.  A full token is only used if User Account Control is disabled or if the user is the built-in Administrator account or a service account.

Type 2 is an elevated token with no privileges removed or groups disabled.  An elevated token is used when User Account Control is enabled and the user chooses to start the program using Run as administrator.  An elevated token is also used when an application is configured to always require administrative privilege or to always require maximum privilege, and the user is a member of the Administrators group.

Type 3 is a limited token with administrative privileges removed and administrative groups disabled.  The limited token is used when User Account Control is enabled, the application does not require administrative privilege, and the user does not choose to start the program using Run as administrator."
Audit Failure,3/16/2019 3:44:03 AM,Microsoft-Windows-Security-Auditing,4674,Sensitive Privilege Use,"An operation was attempted on a privileged object.

Subject:
	Security ID:		LOCAL SERVICE
	Account Name:		LOCAL SERVICE
	Account Domain:		NT AUTHORITY
	Logon ID:		0x3E5

Object:
	Object Server:	LSA
	Object Type:	-
	Object Name:	-
	Object Handle:	0x0

Process Information:
	Process ID:	0x248
	Process Name:	C:\Windows\System32\lsass.exe

Requested Operation:
	Desired Access:	16777216
	Privileges:		SeSecurityPrivilege"
Audit Failure,3/16/2019 3:44:03 AM,Microsoft-Windows-Security-Auditing,4674,Sensitive Privilege Use,"An operation was attempted on a privileged object.

Subject:
	Security ID:		LOCAL SERVICE
	Account Name:		LOCAL SERVICE
	Account Domain:		NT AUTHORITY
	Logon ID:		0x3E5

Object:
	Object Server:	LSA
	Object Type:	-
	Object Name:	-
	Object Handle:	0x0

Process Information:
	Process ID:	0x248
	Process Name:	C:\Windows\System32\lsass.exe

Requested Operation:
	Desired Access:	16777216
	Privileges:		SeSecurityPrivilege"
Audit Failure,3/16/2019 3:44:03 AM,Microsoft-Windows-Security-Auditing,4674,Sensitive Privilege Use,"An operation was attempted on a privileged object.

Subject:
	Security ID:		LOCAL SERVICE
	Account Name:		LOCAL SERVICE
	Account Domain:		NT AUTHORITY
	Logon ID:		0x3E5

Object:
	Object Server:	LSA
	Object Type:	-
	Object Name:	-
	Object Handle:	0x0

Process Information:
	Process ID:	0x248
	Process Name:	C:\Windows\System32\lsass.exe

Requested Operation:
	Desired Access:	16777216
	Privileges:		SeSecurityPrivilege"
Audit Failure,3/16/2019 3:44:03 AM,Microsoft-Windows-Security-Auditing,4674,Sensitive Privilege Use,"An operation was attempted on a privileged object.

Subject:
	Security ID:		LOCAL SERVICE
	Account Name:		LOCAL SERVICE
	Account Domain:		NT AUTHORITY
	Logon ID:		0x3E5

Object:
	Object Server:	LSA
	Object Type:	-
	Object Name:	-
	Object Handle:	0x0

Process Information:
	Process ID:	0x248
	Process Name:	C:\Windows\System32\lsass.exe

Requested Operation:
	Desired Access:	16777216
	Privileges:		SeSecurityPrivilege"
Audit Success,3/16/2019 3:44:03 AM,Microsoft-Windows-Security-Auditing,5140,File Share,"A network share object was accessed.
	
Subject:
	Security ID:		SYSTEM
	Account Name:		DC$
	Account Domain:		EXAMPLE2
	Logon ID:		0x36A5E3

Network Information:	
	Object Type:		File
	Source Address:		::1
	Source Port:		60978
	
Share Information:
	Share Name:		\\*\SYSVOL
	Share Path:		\??\C:\Windows\SYSVOL\sysvol

Access Request Information:
	Access Mask:		0x1
	Accesses:		ReadData (or ListDirectory)
				
"
Audit Success,3/16/2019 3:44:02 AM,Microsoft-Windows-Security-Auditing,4688,Process Creation,"A new process has been created.

Creator Subject:
	Security ID:		EXAMPLE2\Administrator
	Account Name:		Administrator
	Account Domain:		EXAMPLE2
	Logon ID:		0x69268

Target Subject:
	Security ID:		NULL SID
	Account Name:		-
	Account Domain:		-
	Logon ID:		0x0

Process Information:
	New Process ID:		0x117c
	New Process Name:	C:\Windows\System32\conhost.exe
	Token Elevation Type:	%%1936
	Mandatory Label:		Mandatory Label\High Mandatory Level
	Creator Process ID:	0x740
	Creator Process Name:	C:\Windows\System32\Configure-SMRemoting.exe
	Process Command Line:	

Token Elevation Type indicates the type of token that was assigned to the new process in accordance with User Account Control policy.

Type 1 is a full token with no privileges removed or groups disabled.  A full token is only used if User Account Control is disabled or if the user is the built-in Administrator account or a service account.

Type 2 is an elevated token with no privileges removed or groups disabled.  An elevated token is used when User Account Control is enabled and the user chooses to start the program using Run as administrator.  An elevated token is also used when an application is configured to always require administrative privilege or to always require maximum privilege, and the user is a member of the Administrators group.

Type 3 is a limited token with administrative privileges removed and administrative groups disabled.  The limited token is used when User Account Control is enabled, the application does not require administrative privilege, and the user does not choose to start the program using Run as administrator."
Audit Success,3/16/2019 3:44:02 AM,Microsoft-Windows-Security-Auditing,4688,Process Creation,"A new process has been created.

Creator Subject:
	Security ID:		EXAMPLE2\Administrator
	Account Name:		Administrator
	Account Domain:		EXAMPLE2
	Logon ID:		0x69268

Target Subject:
	Security ID:		NULL SID
	Account Name:		-
	Account Domain:		-
	Logon ID:		0x0

Process Information:
	New Process ID:		0x740
	New Process Name:	C:\Windows\System32\Configure-SMRemoting.exe
	Token Elevation Type:	%%1936
	Mandatory Label:		Mandatory Label\High Mandatory Level
	Creator Process ID:	0x7ac
	Creator Process Name:	C:\Windows\System32\ServerManager.exe
	Process Command Line:	

Token Elevation Type indicates the type of token that was assigned to the new process in accordance with User Account Control policy.

Type 1 is a full token with no privileges removed or groups disabled.  A full token is only used if User Account Control is disabled or if the user is the built-in Administrator account or a service account.

Type 2 is an elevated token with no privileges removed or groups disabled.  An elevated token is used when User Account Control is enabled and the user chooses to start the program using Run as administrator.  An elevated token is also used when an application is configured to always require administrative privilege or to always require maximum privilege, and the user is a member of the Administrators group.

Type 3 is a limited token with administrative privileges removed and administrative groups disabled.  The limited token is used when User Account Control is enabled, the application does not require administrative privilege, and the user does not choose to start the program using Run as administrator."
Audit Success,3/16/2019 3:43:10 AM,Microsoft-Windows-Security-Auditing,4688,Process Creation,"A new process has been created.

Creator Subject:
	Security ID:		SYSTEM
	Account Name:		DC$
	Account Domain:		EXAMPLE2
	Logon ID:		0x3E7

Target Subject:
	Security ID:		NULL SID
	Account Name:		-
	Account Domain:		-
	Logon ID:		0x0

Process Information:
	New Process ID:		0xce4
	New Process Name:	C:\Windows\System32\dllhost.exe
	Token Elevation Type:	%%1936
	Mandatory Label:		Mandatory Label\System Mandatory Level
	Creator Process ID:	0x2f4
	Creator Process Name:	C:\Windows\System32\svchost.exe
	Process Command Line:	

Token Elevation Type indicates the type of token that was assigned to the new process in accordance with User Account Control policy.

Type 1 is a full token with no privileges removed or groups disabled.  A full token is only used if User Account Control is disabled or if the user is the built-in Administrator account or a service account.

Type 2 is an elevated token with no privileges removed or groups disabled.  An elevated token is used when User Account Control is enabled and the user chooses to start the program using Run as administrator.  An elevated token is also used when an application is configured to always require administrative privilege or to always require maximum privilege, and the user is a member of the Administrators group.

Type 3 is a limited token with administrative privileges removed and administrative groups disabled.  The limited token is used when User Account Control is enabled, the application does not require administrative privilege, and the user does not choose to start the program using Run as administrator."
Audit Success,3/16/2019 3:43:09 AM,Microsoft-Windows-Security-Auditing,4688,Process Creation,"A new process has been created.

Creator Subject:
	Security ID:		SYSTEM
	Account Name:		DC$
	Account Domain:		EXAMPLE2
	Logon ID:		0x3E7

Target Subject:
	Security ID:		NULL SID
	Account Name:		-
	Account Domain:		-
	Logon ID:		0x0

Process Information:
	New Process ID:		0x6e4
	New Process Name:	C:\Windows\System32\taskhostw.exe
	Token Elevation Type:	%%1936
	Mandatory Label:		Mandatory Label\System Mandatory Level
	Creator Process ID:	0x58c
	Creator Process Name:	C:\Windows\System32\svchost.exe
	Process Command Line:	

Token Elevation Type indicates the type of token that was assigned to the new process in accordance with User Account Control policy.

Type 1 is a full token with no privileges removed or groups disabled.  A full token is only used if User Account Control is disabled or if the user is the built-in Administrator account or a service account.

Type 2 is an elevated token with no privileges removed or groups disabled.  An elevated token is used when User Account Control is enabled and the user chooses to start the program using Run as administrator.  An elevated token is also used when an application is configured to always require administrative privilege or to always require maximum privilege, and the user is a member of the Administrators group.

Type 3 is a limited token with administrative privileges removed and administrative groups disabled.  The limited token is used when User Account Control is enabled, the application does not require administrative privilege, and the user does not choose to start the program using Run as administrator."
