Audit Success,3/10/2019 5:32:43 AM,Microsoft-Windows-Security-Auditing,4688,Process Creation,"A new process has been created.

Creator Subject:
	Security ID:		EXAMPLE2\Administrator
	Account Name:		Administrator
	Account Domain:		EXAMPLE2
	Logon ID:		0x78AED

Target Subject:
	Security ID:		NULL SID
	Account Name:		-
	Account Domain:		-
	Logon ID:		0x0

Process Information:
	New Process ID:		0x32c
	New Process Name:	C:\Windows\System32\Configure-SMRemoting.exe
	Token Elevation Type:	%%1936
	Mandatory Label:		Mandatory Label\High Mandatory Level
	Creator Process ID:	0x101c
	Creator Process Name:	C:\Windows\System32\ServerManager.exe
	Process Command Line:	

Token Elevation Type indicates the type of token that was assigned to the new process in accordance with User Account Control policy.

Type 1 is a full token with no privileges removed or groups disabled.  A full token is only used if User Account Control is disabled or if the user is the built-in Administrator account or a service account.

Type 2 is an elevated token with no privileges removed or groups disabled.  An elevated token is used when User Account Control is enabled and the user chooses to start the program using Run as administrator.  An elevated token is also used when an application is configured to always require administrative privilege or to always require maximum privilege, and the user is a member of the Administrators group.

Type 3 is a limited token with administrative privileges removed and administrative groups disabled.  The limited token is used when User Account Control is enabled, the application does not require administrative privilege, and the user does not choose to start the program using Run as administrator."
Audit Success,3/10/2019 5:32:43 AM,Microsoft-Windows-Security-Auditing,4688,Process Creation,"A new process has been created.

Creator Subject:
	Security ID:		SYSTEM
	Account Name:		DC$
	Account Domain:		EXAMPLE2
	Logon ID:		0x3E7

Target Subject:
	Security ID:		NULL SID
	Account Name:		-
	Account Domain:		-
	Logon ID:		0x0

Process Information:
	New Process ID:		0x1324
	New Process Name:	C:\Windows\System32\MusNotification.exe
	Token Elevation Type:	%%1936
	Mandatory Label:		Mandatory Label\System Mandatory Level
	Creator Process ID:	0x5a8
	Creator Process Name:	C:\Windows\System32\svchost.exe
	Process Command Line:	

Token Elevation Type indicates the type of token that was assigned to the new process in accordance with User Account Control policy.

Type 1 is a full token with no privileges removed or groups disabled.  A full token is only used if User Account Control is disabled or if the user is the built-in Administrator account or a service account.

Type 2 is an elevated token with no privileges removed or groups disabled.  An elevated token is used when User Account Control is enabled and the user chooses to start the program using Run as administrator.  An elevated token is also used when an application is configured to always require administrative privilege or to always require maximum privilege, and the user is a member of the Administrators group.

Type 3 is a limited token with administrative privileges removed and administrative groups disabled.  The limited token is used when User Account Control is enabled, the application does not require administrative privilege, and the user does not choose to start the program using Run as administrator."
Audit Success,3/10/2019 5:32:36 AM,Microsoft-Windows-Security-Auditing,4688,Process Creation,"A new process has been created.

Creator Subject:
	Security ID:		SYSTEM
	Account Name:		DC$
	Account Domain:		EXAMPLE2
	Logon ID:		0x3E7

Target Subject:
	Security ID:		NULL SID
	Account Name:		-
	Account Domain:		-
	Logon ID:		0x0

Process Information:
	New Process ID:		0xd20
	New Process Name:	C:\Windows\System32\conhost.exe
	Token Elevation Type:	%%1936
	Mandatory Label:		Mandatory Label\System Mandatory Level
	Creator Process ID:	0x748
	Creator Process Name:	C:\Windows\System32\XblGameSaveTask.exe
	Process Command Line:	

Token Elevation Type indicates the type of token that was assigned to the new process in accordance with User Account Control policy.

Type 1 is a full token with no privileges removed or groups disabled.  A full token is only used if User Account Control is disabled or if the user is the built-in Administrator account or a service account.

Type 2 is an elevated token with no privileges removed or groups disabled.  An elevated token is used when User Account Control is enabled and the user chooses to start the program using Run as administrator.  An elevated token is also used when an application is configured to always require administrative privilege or to always require maximum privilege, and the user is a member of the Administrators group.

Type 3 is a limited token with administrative privileges removed and administrative groups disabled.  The limited token is used when User Account Control is enabled, the application does not require administrative privilege, and the user does not choose to start the program using Run as administrator."
Audit Success,3/10/2019 5:32:36 AM,Microsoft-Windows-Security-Auditing,4688,Process Creation,"A new process has been created.

Creator Subject:
	Security ID:		SYSTEM
	Account Name:		DC$
	Account Domain:		EXAMPLE2
	Logon ID:		0x3E7

Target Subject:
	Security ID:		NULL SID
	Account Name:		-
	Account Domain:		-
	Logon ID:		0x0

Process Information:
	New Process ID:		0x748
	New Process Name:	C:\Windows\System32\XblGameSaveTask.exe
	Token Elevation Type:	%%1936
	Mandatory Label:		Mandatory Label\System Mandatory Level
	Creator Process ID:	0x5a8
	Creator Process Name:	C:\Windows\System32\svchost.exe
	Process Command Line:	

Token Elevation Type indicates the type of token that was assigned to the new process in accordance with User Account Control policy.

Type 1 is a full token with no privileges removed or groups disabled.  A full token is only used if User Account Control is disabled or if the user is the built-in Administrator account or a service account.

Type 2 is an elevated token with no privileges removed or groups disabled.  An elevated token is used when User Account Control is enabled and the user chooses to start the program using Run as administrator.  An elevated token is also used when an application is configured to always require administrative privilege or to always require maximum privilege, and the user is a member of the Administrators group.

Type 3 is a limited token with administrative privileges removed and administrative groups disabled.  The limited token is used when User Account Control is enabled, the application does not require administrative privilege, and the user does not choose to start the program using Run as administrator."
Audit Success,3/10/2019 5:32:36 AM,Microsoft-Windows-Security-Auditing,4688,Process Creation,"A new process has been created.

Creator Subject:
	Security ID:		SYSTEM
	Account Name:		DC$
	Account Domain:		EXAMPLE2
	Logon ID:		0x3E7

Target Subject:
	Security ID:		NULL SID
	Account Name:		-
	Account Domain:		-
	Logon ID:		0x0

Process Information:
	New Process ID:		0x1328
	New Process Name:	C:\Windows\System32\conhost.exe
	Token Elevation Type:	%%1936
	Mandatory Label:		Mandatory Label\System Mandatory Level
	Creator Process ID:	0xe08
	Creator Process Name:	C:\Windows\System32\XblGameSaveTask.exe
	Process Command Line:	

Token Elevation Type indicates the type of token that was assigned to the new process in accordance with User Account Control policy.

Type 1 is a full token with no privileges removed or groups disabled.  A full token is only used if User Account Control is disabled or if the user is the built-in Administrator account or a service account.

Type 2 is an elevated token with no privileges removed or groups disabled.  An elevated token is used when User Account Control is enabled and the user chooses to start the program using Run as administrator.  An elevated token is also used when an application is configured to always require administrative privilege or to always require maximum privilege, and the user is a member of the Administrators group.

Type 3 is a limited token with administrative privileges removed and administrative groups disabled.  The limited token is used when User Account Control is enabled, the application does not require administrative privilege, and the user does not choose to start the program using Run as administrator."
Audit Success,3/10/2019 5:32:36 AM,Microsoft-Windows-Security-Auditing,4688,Process Creation,"A new process has been created.

Creator Subject:
	Security ID:		SYSTEM
	Account Name:		DC$
	Account Domain:		EXAMPLE2
	Logon ID:		0x3E7

Target Subject:
	Security ID:		NULL SID
	Account Name:		-
	Account Domain:		-
	Logon ID:		0x0

Process Information:
	New Process ID:		0xe08
	New Process Name:	C:\Windows\System32\XblGameSaveTask.exe
	Token Elevation Type:	%%1936
	Mandatory Label:		Mandatory Label\System Mandatory Level
	Creator Process ID:	0x5a8
	Creator Process Name:	C:\Windows\System32\svchost.exe
	Process Command Line:	

Token Elevation Type indicates the type of token that was assigned to the new process in accordance with User Account Control policy.

Type 1 is a full token with no privileges removed or groups disabled.  A full token is only used if User Account Control is disabled or if the user is the built-in Administrator account or a service account.

Type 2 is an elevated token with no privileges removed or groups disabled.  An elevated token is used when User Account Control is enabled and the user chooses to start the program using Run as administrator.  An elevated token is also used when an application is configured to always require administrative privilege or to always require maximum privilege, and the user is a member of the Administrators group.

Type 3 is a limited token with administrative privileges removed and administrative groups disabled.  The limited token is used when User Account Control is enabled, the application does not require administrative privilege, and the user does not choose to start the program using Run as administrator."
Audit Success,3/10/2019 5:32:23 AM,Microsoft-Windows-Security-Auditing,5140,File Share,"A network share object was accessed.
	
Subject:
	Security ID:		NETWORK SERVICE
	Account Name:		DC$
	Account Domain:		EXAMPLE2
	Logon ID:		0x3E4

Network Information:	
	Object Type:		File
	Source Address:		fe80::2cfd:5e25:60dd:6ce0
	Source Port:		64956
	
Share Information:
	Share Name:		\\*\IPC$
	Share Path:		

Access Request Information:
	Access Mask:		0x1
	Accesses:		ReadData (or ListDirectory)
				
"
Audit Failure,3/10/2019 5:31:59 AM,Microsoft-Windows-Security-Auditing,4674,Sensitive Privilege Use,"An operation was attempted on a privileged object.

Subject:
	Security ID:		LOCAL SERVICE
	Account Name:		LOCAL SERVICE
	Account Domain:		NT AUTHORITY
	Logon ID:		0x3E5

Object:
	Object Server:	LSA
	Object Type:	-
	Object Name:	-
	Object Handle:	0x0

Process Information:
	Process ID:	0x23c
	Process Name:	C:\Windows\System32\lsass.exe

Requested Operation:
	Desired Access:	16777216
	Privileges:		SeSecurityPrivilege"
Audit Failure,3/10/2019 5:31:59 AM,Microsoft-Windows-Security-Auditing,4674,Sensitive Privilege Use,"An operation was attempted on a privileged object.

Subject:
	Security ID:		LOCAL SERVICE
	Account Name:		LOCAL SERVICE
	Account Domain:		NT AUTHORITY
	Logon ID:		0x3E5

Object:
	Object Server:	LSA
	Object Type:	-
	Object Name:	-
	Object Handle:	0x0

Process Information:
	Process ID:	0x23c
	Process Name:	C:\Windows\System32\lsass.exe

Requested Operation:
	Desired Access:	16777216
	Privileges:		SeSecurityPrivilege"
Audit Failure,3/10/2019 5:31:59 AM,Microsoft-Windows-Security-Auditing,4674,Sensitive Privilege Use,"An operation was attempted on a privileged object.

Subject:
	Security ID:		LOCAL SERVICE
	Account Name:		LOCAL SERVICE
	Account Domain:		NT AUTHORITY
	Logon ID:		0x3E5

Object:
	Object Server:	LSA
	Object Type:	-
	Object Name:	-
	Object Handle:	0x0

Process Information:
	Process ID:	0x23c
	Process Name:	C:\Windows\System32\lsass.exe

Requested Operation:
	Desired Access:	16777216
	Privileges:		SeSecurityPrivilege"
Audit Failure,3/10/2019 5:31:59 AM,Microsoft-Windows-Security-Auditing,4674,Sensitive Privilege Use,"An operation was attempted on a privileged object.

Subject:
	Security ID:		LOCAL SERVICE
	Account Name:		LOCAL SERVICE
	Account Domain:		NT AUTHORITY
	Logon ID:		0x3E5

Object:
	Object Server:	LSA
	Object Type:	-
	Object Name:	-
	Object Handle:	0x0

Process Information:
	Process ID:	0x23c
	Process Name:	C:\Windows\System32\lsass.exe

Requested Operation:
	Desired Access:	16777216
	Privileges:		SeSecurityPrivilege"
Audit Success,3/10/2019 5:31:59 AM,Microsoft-Windows-Security-Auditing,5140,File Share,"A network share object was accessed.
	
Subject:
	Security ID:		SYSTEM
	Account Name:		DC$
	Account Domain:		EXAMPLE2
	Logon ID:		0x22CA96

Network Information:	
	Object Type:		File
	Source Address:		fe80::2cfd:5e25:60dd:6ce0
	Source Port:		64953
	
Share Information:
	Share Name:		\\*\SYSVOL
	Share Path:		\??\C:\Windows\SYSVOL\sysvol

Access Request Information:
	Access Mask:		0x1
	Accesses:		ReadData (or ListDirectory)
				
"
Audit Success,3/10/2019 5:31:01 AM,Microsoft-Windows-Security-Auditing,5140,File Share,"A network share object was accessed.
	
Subject:
	Security ID:		EXAMPLE2\user01
	Account Name:		user01
	Account Domain:		EXAMPLE2
	Logon ID:		0x222A24

Network Information:	
	Object Type:		File
	Source Address:		192.168.2.22
	Source Port:		42455
	
Share Information:
	Share Name:		\\*\IPC$
	Share Path:		

Access Request Information:
	Access Mask:		0x1
	Accesses:		ReadData (or ListDirectory)
				
"
Audit Success,3/10/2019 5:30:45 AM,Microsoft-Windows-Security-Auditing,4688,Process Creation,"A new process has been created.

Creator Subject:
	Security ID:		SYSTEM
	Account Name:		DC$
	Account Domain:		EXAMPLE2
	Logon ID:		0x3E7

Target Subject:
	Security ID:		LOCAL SERVICE
	Account Name:		LOCAL SERVICE
	Account Domain:		NT AUTHORITY
	Logon ID:		0x3E5

Process Information:
	New Process ID:		0x1230
	New Process Name:	C:\Windows\System32\wbem\WmiPrvSE.exe
	Token Elevation Type:	%%1936
	Mandatory Label:		Mandatory Label\System Mandatory Level
	Creator Process ID:	0x2e8
	Creator Process Name:	C:\Windows\System32\svchost.exe
	Process Command Line:	

Token Elevation Type indicates the type of token that was assigned to the new process in accordance with User Account Control policy.

Type 1 is a full token with no privileges removed or groups disabled.  A full token is only used if User Account Control is disabled or if the user is the built-in Administrator account or a service account.

Type 2 is an elevated token with no privileges removed or groups disabled.  An elevated token is used when User Account Control is enabled and the user chooses to start the program using Run as administrator.  An elevated token is also used when an application is configured to always require administrative privilege or to always require maximum privilege, and the user is a member of the Administrators group.

Type 3 is a limited token with administrative privileges removed and administrative groups disabled.  The limited token is used when User Account Control is enabled, the application does not require administrative privilege, and the user does not choose to start the program using Run as administrator."
Audit Success,3/10/2019 5:30:43 AM,Microsoft-Windows-Security-Auditing,4688,Process Creation,"A new process has been created.

Creator Subject:
	Security ID:		EXAMPLE2\Administrator
	Account Name:		Administrator
	Account Domain:		EXAMPLE2
	Logon ID:		0x78AED

Target Subject:
	Security ID:		NULL SID
	Account Name:		-
	Account Domain:		-
	Logon ID:		0x0

Process Information:
	New Process ID:		0x1288
	New Process Name:	C:\Windows\System32\conhost.exe
	Token Elevation Type:	%%1936
	Mandatory Label:		Mandatory Label\High Mandatory Level
	Creator Process ID:	0xedc
	Creator Process Name:	C:\Windows\System32\Configure-SMRemoting.exe
	Process Command Line:	

Token Elevation Type indicates the type of token that was assigned to the new process in accordance with User Account Control policy.

Type 1 is a full token with no privileges removed or groups disabled.  A full token is only used if User Account Control is disabled or if the user is the built-in Administrator account or a service account.

Type 2 is an elevated token with no privileges removed or groups disabled.  An elevated token is used when User Account Control is enabled and the user chooses to start the program using Run as administrator.  An elevated token is also used when an application is configured to always require administrative privilege or to always require maximum privilege, and the user is a member of the Administrators group.

Type 3 is a limited token with administrative privileges removed and administrative groups disabled.  The limited token is used when User Account Control is enabled, the application does not require administrative privilege, and the user does not choose to start the program using Run as administrator."
Audit Success,3/10/2019 5:30:43 AM,Microsoft-Windows-Security-Auditing,4688,Process Creation,"A new process has been created.

Creator Subject:
	Security ID:		EXAMPLE2\Administrator
	Account Name:		Administrator
	Account Domain:		EXAMPLE2
	Logon ID:		0x78AED

Target Subject:
	Security ID:		NULL SID
	Account Name:		-
	Account Domain:		-
	Logon ID:		0x0

Process Information:
	New Process ID:		0xedc
	New Process Name:	C:\Windows\System32\Configure-SMRemoting.exe
	Token Elevation Type:	%%1936
	Mandatory Label:		Mandatory Label\High Mandatory Level
	Creator Process ID:	0x101c
	Creator Process Name:	C:\Windows\System32\ServerManager.exe
	Process Command Line:	

Token Elevation Type indicates the type of token that was assigned to the new process in accordance with User Account Control policy.

Type 1 is a full token with no privileges removed or groups disabled.  A full token is only used if User Account Control is disabled or if the user is the built-in Administrator account or a service account.

Type 2 is an elevated token with no privileges removed or groups disabled.  An elevated token is used when User Account Control is enabled and the user chooses to start the program using Run as administrator.  An elevated token is also used when an application is configured to always require administrative privilege or to always require maximum privilege, and the user is a member of the Administrators group.

Type 3 is a limited token with administrative privileges removed and administrative groups disabled.  The limited token is used when User Account Control is enabled, the application does not require administrative privilege, and the user does not choose to start the program using Run as administrator."
Audit Success,3/10/2019 5:30:43 AM,Microsoft-Windows-Security-Auditing,4688,Process Creation,"A new process has been created.

Creator Subject:
	Security ID:		SYSTEM
	Account Name:		DC$
	Account Domain:		EXAMPLE2
	Logon ID:		0x3E7

Target Subject:
	Security ID:		NULL SID
	Account Name:		-
	Account Domain:		-
	Logon ID:		0x0

Process Information:
	New Process ID:		0xe9c
	New Process Name:	C:\Windows\System32\MusNotification.exe
	Token Elevation Type:	%%1936
	Mandatory Label:		Mandatory Label\System Mandatory Level
	Creator Process ID:	0x5a8
	Creator Process Name:	C:\Windows\System32\svchost.exe
	Process Command Line:	

Token Elevation Type indicates the type of token that was assigned to the new process in accordance with User Account Control policy.

Type 1 is a full token with no privileges removed or groups disabled.  A full token is only used if User Account Control is disabled or if the user is the built-in Administrator account or a service account.

Type 2 is an elevated token with no privileges removed or groups disabled.  An elevated token is used when User Account Control is enabled and the user chooses to start the program using Run as administrator.  An elevated token is also used when an application is configured to always require administrative privilege or to always require maximum privilege, and the user is a member of the Administrators group.

Type 3 is a limited token with administrative privileges removed and administrative groups disabled.  The limited token is used when User Account Control is enabled, the application does not require administrative privilege, and the user does not choose to start the program using Run as administrator."
Audit Success,3/10/2019 5:29:04 AM,Microsoft-Windows-Security-Auditing,5140,File Share,"A network share object was accessed.
	
Subject:
	Security ID:		EXAMPLE2\user01
	Account Name:		user01
	Account Domain:		EXAMPLE2
	Logon ID:		0x2066AD

Network Information:	
	Object Type:		File
	Source Address:		192.168.2.22
	Source Port:		42025
	
Share Information:
	Share Name:		\\*\IPC$
	Share Path:		

Access Request Information:
	Access Mask:		0x1
	Accesses:		ReadData (or ListDirectory)
				
"
Audit Success,3/10/2019 5:28:42 AM,Microsoft-Windows-Security-Auditing,4688,Process Creation,"A new process has been created.

Creator Subject:
	Security ID:		EXAMPLE2\Administrator
	Account Name:		Administrator
	Account Domain:		EXAMPLE2
	Logon ID:		0x78AED

Target Subject:
	Security ID:		NULL SID
	Account Name:		-
	Account Domain:		-
	Logon ID:		0x0

Process Information:
	New Process ID:		0x3f8
	New Process Name:	C:\Windows\System32\conhost.exe
	Token Elevation Type:	%%1936
	Mandatory Label:		Mandatory Label\High Mandatory Level
	Creator Process ID:	0xdec
	Creator Process Name:	C:\Windows\System32\Configure-SMRemoting.exe
	Process Command Line:	

Token Elevation Type indicates the type of token that was assigned to the new process in accordance with User Account Control policy.

Type 1 is a full token with no privileges removed or groups disabled.  A full token is only used if User Account Control is disabled or if the user is the built-in Administrator account or a service account.

Type 2 is an elevated token with no privileges removed or groups disabled.  An elevated token is used when User Account Control is enabled and the user chooses to start the program using Run as administrator.  An elevated token is also used when an application is configured to always require administrative privilege or to always require maximum privilege, and the user is a member of the Administrators group.

Type 3 is a limited token with administrative privileges removed and administrative groups disabled.  The limited token is used when User Account Control is enabled, the application does not require administrative privilege, and the user does not choose to start the program using Run as administrator."
Audit Success,3/10/2019 5:28:42 AM,Microsoft-Windows-Security-Auditing,4688,Process Creation,"A new process has been created.

Creator Subject:
	Security ID:		EXAMPLE2\Administrator
	Account Name:		Administrator
	Account Domain:		EXAMPLE2
	Logon ID:		0x78AED

Target Subject:
	Security ID:		NULL SID
	Account Name:		-
	Account Domain:		-
	Logon ID:		0x0

Process Information:
	New Process ID:		0xdec
	New Process Name:	C:\Windows\System32\Configure-SMRemoting.exe
	Token Elevation Type:	%%1936
	Mandatory Label:		Mandatory Label\High Mandatory Level
	Creator Process ID:	0x101c
	Creator Process Name:	C:\Windows\System32\ServerManager.exe
	Process Command Line:	

Token Elevation Type indicates the type of token that was assigned to the new process in accordance with User Account Control policy.

Type 1 is a full token with no privileges removed or groups disabled.  A full token is only used if User Account Control is disabled or if the user is the built-in Administrator account or a service account.

Type 2 is an elevated token with no privileges removed or groups disabled.  An elevated token is used when User Account Control is enabled and the user chooses to start the program using Run as administrator.  An elevated token is also used when an application is configured to always require administrative privilege or to always require maximum privilege, and the user is a member of the Administrators group.

Type 3 is a limited token with administrative privileges removed and administrative groups disabled.  The limited token is used when User Account Control is enabled, the application does not require administrative privilege, and the user does not choose to start the program using Run as administrator."
Audit Success,3/10/2019 5:28:22 AM,Microsoft-Windows-Security-Auditing,4688,Process Creation,"A new process has been created.

Creator Subject:
	Security ID:		SYSTEM
	Account Name:		DC$
	Account Domain:		EXAMPLE2
	Logon ID:		0x3E7

Target Subject:
	Security ID:		NULL SID
	Account Name:		Administrator
	Account Domain:		EXAMPLE2
	Logon ID:		0x78AED

Process Information:
	New Process ID:		0xa94
	New Process Name:	C:\Windows\ImmersiveControlPanel\SystemSettings.exe
	Token Elevation Type:	%%1936
	Mandatory Label:		Mandatory Label\High Mandatory Level
	Creator Process ID:	0x2e8
	Creator Process Name:	C:\Windows\System32\svchost.exe
	Process Command Line:	

Token Elevation Type indicates the type of token that was assigned to the new process in accordance with User Account Control policy.

Type 1 is a full token with no privileges removed or groups disabled.  A full token is only used if User Account Control is disabled or if the user is the built-in Administrator account or a service account.

Type 2 is an elevated token with no privileges removed or groups disabled.  An elevated token is used when User Account Control is enabled and the user chooses to start the program using Run as administrator.  An elevated token is also used when an application is configured to always require administrative privilege or to always require maximum privilege, and the user is a member of the Administrators group.

Type 3 is a limited token with administrative privileges removed and administrative groups disabled.  The limited token is used when User Account Control is enabled, the application does not require administrative privilege, and the user does not choose to start the program using Run as administrator."
Audit Success,3/10/2019 5:28:22 AM,Microsoft-Windows-Security-Auditing,4688,Process Creation,"A new process has been created.

Creator Subject:
	Security ID:		SYSTEM
	Account Name:		DC$
	Account Domain:		EXAMPLE2
	Logon ID:		0x3E7

Target Subject:
	Security ID:		NULL SID
	Account Name:		Administrator
	Account Domain:		EXAMPLE2
	Logon ID:		0x78AED

Process Information:
	New Process ID:		0xdc8
	New Process Name:	C:\Windows\System32\ApplicationFrameHost.exe
	Token Elevation Type:	%%1936
	Mandatory Label:		Mandatory Label\High Mandatory Level
	Creator Process ID:	0x2e8
	Creator Process Name:	C:\Windows\System32\svchost.exe
	Process Command Line:	

Token Elevation Type indicates the type of token that was assigned to the new process in accordance with User Account Control policy.

Type 1 is a full token with no privileges removed or groups disabled.  A full token is only used if User Account Control is disabled or if the user is the built-in Administrator account or a service account.

Type 2 is an elevated token with no privileges removed or groups disabled.  An elevated token is used when User Account Control is enabled and the user chooses to start the program using Run as administrator.  An elevated token is also used when an application is configured to always require administrative privilege or to always require maximum privilege, and the user is a member of the Administrators group.

Type 3 is a limited token with administrative privileges removed and administrative groups disabled.  The limited token is used when User Account Control is enabled, the application does not require administrative privilege, and the user does not choose to start the program using Run as administrator."
Audit Success,3/10/2019 5:28:18 AM,Microsoft-Windows-Security-Auditing,4688,Process Creation,"A new process has been created.

Creator Subject:
	Security ID:		SYSTEM
	Account Name:		DC$
	Account Domain:		EXAMPLE2
	Logon ID:		0x3E7

Target Subject:
	Security ID:		NULL SID
	Account Name:		Administrator
	Account Domain:		EXAMPLE2
	Logon ID:		0x78AED

Process Information:
	New Process ID:		0x1324
	New Process Name:	C:\Windows\System32\dllhost.exe
	Token Elevation Type:	%%1936
	Mandatory Label:		Mandatory Label\High Mandatory Level
	Creator Process ID:	0x2e8
	Creator Process Name:	C:\Windows\System32\svchost.exe
	Process Command Line:	

Token Elevation Type indicates the type of token that was assigned to the new process in accordance with User Account Control policy.

Type 1 is a full token with no privileges removed or groups disabled.  A full token is only used if User Account Control is disabled or if the user is the built-in Administrator account or a service account.

Type 2 is an elevated token with no privileges removed or groups disabled.  An elevated token is used when User Account Control is enabled and the user chooses to start the program using Run as administrator.  An elevated token is also used when an application is configured to always require administrative privilege or to always require maximum privilege, and the user is a member of the Administrators group.

Type 3 is a limited token with administrative privileges removed and administrative groups disabled.  The limited token is used when User Account Control is enabled, the application does not require administrative privilege, and the user does not choose to start the program using Run as administrator."
Audit Success,3/10/2019 5:27:59 AM,Microsoft-Windows-Security-Auditing,5140,File Share,"A network share object was accessed.
	
Subject:
	Security ID:		EXAMPLE2\user01
	Account Name:		user01
	Account Domain:		EXAMPLE2
	Logon ID:		0x1EAE02

Network Information:	
	Object Type:		File
	Source Address:		192.168.2.22
	Source Port:		42989
	
Share Information:
	Share Name:		\\*\IPC$
	Share Path:		

Access Request Information:
	Access Mask:		0x1
	Accesses:		ReadData (or ListDirectory)
				
"
Audit Success,3/10/2019 5:27:54 AM,Microsoft-Windows-Security-Auditing,4688,Process Creation,"A new process has been created.

Creator Subject:
	Security ID:		SYSTEM
	Account Name:		DC$
	Account Domain:		EXAMPLE2
	Logon ID:		0x3E7

Target Subject:
	Security ID:		NULL SID
	Account Name:		-
	Account Domain:		-
	Logon ID:		0x0

Process Information:
	New Process ID:		0x3f8
	New Process Name:	C:\Windows\System32\MusNotification.exe
	Token Elevation Type:	%%1936
	Mandatory Label:		Mandatory Label\System Mandatory Level
	Creator Process ID:	0x5a8
	Creator Process Name:	C:\Windows\System32\svchost.exe
	Process Command Line:	

Token Elevation Type indicates the type of token that was assigned to the new process in accordance with User Account Control policy.

Type 1 is a full token with no privileges removed or groups disabled.  A full token is only used if User Account Control is disabled or if the user is the built-in Administrator account or a service account.

Type 2 is an elevated token with no privileges removed or groups disabled.  An elevated token is used when User Account Control is enabled and the user chooses to start the program using Run as administrator.  An elevated token is also used when an application is configured to always require administrative privilege or to always require maximum privilege, and the user is a member of the Administrators group.

Type 3 is a limited token with administrative privileges removed and administrative groups disabled.  The limited token is used when User Account Control is enabled, the application does not require administrative privilege, and the user does not choose to start the program using Run as administrator."
Audit Success,3/10/2019 5:27:50 AM,Microsoft-Windows-Security-Auditing,4688,Process Creation,"A new process has been created.

Creator Subject:
	Security ID:		SYSTEM
	Account Name:		DC$
	Account Domain:		EXAMPLE2
	Logon ID:		0x3E7

Target Subject:
	Security ID:		NULL SID
	Account Name:		Administrator
	Account Domain:		EXAMPLE2
	Logon ID:		0x78AED

Process Information:
	New Process ID:		0x1374
	New Process Name:	C:\Windows\SysWOW64\dllhost.exe
	Token Elevation Type:	%%1936
	Mandatory Label:		Mandatory Label\High Mandatory Level
	Creator Process ID:	0x2e8
	Creator Process Name:	C:\Windows\System32\svchost.exe
	Process Command Line:	

Token Elevation Type indicates the type of token that was assigned to the new process in accordance with User Account Control policy.

Type 1 is a full token with no privileges removed or groups disabled.  A full token is only used if User Account Control is disabled or if the user is the built-in Administrator account or a service account.

Type 2 is an elevated token with no privileges removed or groups disabled.  An elevated token is used when User Account Control is enabled and the user chooses to start the program using Run as administrator.  An elevated token is also used when an application is configured to always require administrative privilege or to always require maximum privilege, and the user is a member of the Administrators group.

Type 3 is a limited token with administrative privileges removed and administrative groups disabled.  The limited token is used when User Account Control is enabled, the application does not require administrative privilege, and the user does not choose to start the program using Run as administrator."
Audit Success,3/10/2019 5:27:42 AM,Microsoft-Windows-Security-Auditing,4688,Process Creation,"A new process has been created.

Creator Subject:
	Security ID:		SYSTEM
	Account Name:		DC$
	Account Domain:		EXAMPLE2
	Logon ID:		0x3E7

Target Subject:
	Security ID:		NULL SID
	Account Name:		Administrator
	Account Domain:		EXAMPLE2
	Logon ID:		0x78AED

Process Information:
	New Process ID:		0x69c
	New Process Name:	C:\Windows\SysWOW64\dllhost.exe
	Token Elevation Type:	%%1936
	Mandatory Label:		Mandatory Label\High Mandatory Level
	Creator Process ID:	0x2e8
	Creator Process Name:	C:\Windows\System32\svchost.exe
	Process Command Line:	

Token Elevation Type indicates the type of token that was assigned to the new process in accordance with User Account Control policy.

Type 1 is a full token with no privileges removed or groups disabled.  A full token is only used if User Account Control is disabled or if the user is the built-in Administrator account or a service account.

Type 2 is an elevated token with no privileges removed or groups disabled.  An elevated token is used when User Account Control is enabled and the user chooses to start the program using Run as administrator.  An elevated token is also used when an application is configured to always require administrative privilege or to always require maximum privilege, and the user is a member of the Administrators group.

Type 3 is a limited token with administrative privileges removed and administrative groups disabled.  The limited token is used when User Account Control is enabled, the application does not require administrative privilege, and the user does not choose to start the program using Run as administrator."
Audit Success,3/10/2019 5:27:26 AM,Microsoft-Windows-Security-Auditing,4688,Process Creation,"A new process has been created.

Creator Subject:
	Security ID:		SYSTEM
	Account Name:		DC$
	Account Domain:		EXAMPLE2
	Logon ID:		0x3E7

Target Subject:
	Security ID:		NULL SID
	Account Name:		-
	Account Domain:		-
	Logon ID:		0x0

Process Information:
	New Process ID:		0xfd4
	New Process Name:	C:\Windows\System32\wbem\WmiPrvSE.exe
	Token Elevation Type:	%%1936
	Mandatory Label:		Mandatory Label\System Mandatory Level
	Creator Process ID:	0x2e8
	Creator Process Name:	C:\Windows\System32\svchost.exe
	Process Command Line:	

Token Elevation Type indicates the type of token that was assigned to the new process in accordance with User Account Control policy.

Type 1 is a full token with no privileges removed or groups disabled.  A full token is only used if User Account Control is disabled or if the user is the built-in Administrator account or a service account.

Type 2 is an elevated token with no privileges removed or groups disabled.  An elevated token is used when User Account Control is enabled and the user chooses to start the program using Run as administrator.  An elevated token is also used when an application is configured to always require administrative privilege or to always require maximum privilege, and the user is a member of the Administrators group.

Type 3 is a limited token with administrative privileges removed and administrative groups disabled.  The limited token is used when User Account Control is enabled, the application does not require administrative privilege, and the user does not choose to start the program using Run as administrator."
Audit Success,3/10/2019 5:27:24 AM,Microsoft-Windows-Security-Auditing,4674,Sensitive Privilege Use,"An operation was attempted on a privileged object.

Subject:
	Security ID:		EXAMPLE2\Administrator
	Account Name:		Administrator
	Account Domain:		EXAMPLE2
	Logon ID:		0x78AED

Object:
	Object Server:	Security
	Object Type:	-
	Object Name:	-
	Object Handle:	0x46c

Process Information:
	Process ID:	0x95c
	Process Name:	C:\Windows\System32\wbem\WmiPrvSE.exe

Requested Operation:
	Desired Access:	17760319
	Privileges:		SeSecurityPrivilege"
Audit Success,3/10/2019 5:27:24 AM,Microsoft-Windows-Security-Auditing,4674,Sensitive Privilege Use,"An operation was attempted on a privileged object.

Subject:
	Security ID:		EXAMPLE2\Administrator
	Account Name:		Administrator
	Account Domain:		EXAMPLE2
	Logon ID:		0x78AED

Object:
	Object Server:	Security
	Object Type:	Key
	Object Name:	\REGISTRY\MACHINE\SOFTWARE\Microsoft\Windows NT\CurrentVersion\Perflib
	Object Handle:	0x46c

Process Information:
	Process ID:	0x95c
	Process Name:	C:\Windows\System32\wbem\WmiPrvSE.exe

Requested Operation:
	Desired Access:	DELETE
				READ_CONTROL
				WRITE_DAC
				WRITE_OWNER
				ACCESS_SYS_SEC
				Query key value
				Set key value
				Create sub-key
				Enumerate sub-keys
				Notify about changes to keys
				Create Link
				
	Privileges:		SeSecurityPrivilege"
Audit Success,3/10/2019 5:27:23 AM,Microsoft-Windows-Security-Auditing,4674,Sensitive Privilege Use,"An operation was attempted on a privileged object.

Subject:
	Security ID:		EXAMPLE2\Administrator
	Account Name:		Administrator
	Account Domain:		EXAMPLE2
	Logon ID:		0x78AED

Object:
	Object Server:	Security
	Object Type:	-
	Object Name:	-
	Object Handle:	0x70c

Process Information:
	Process ID:	0x95c
	Process Name:	C:\Windows\System32\wbem\WmiPrvSE.exe

Requested Operation:
	Desired Access:	17760319
	Privileges:		SeSecurityPrivilege"
Audit Success,3/10/2019 5:27:23 AM,Microsoft-Windows-Security-Auditing,4674,Sensitive Privilege Use,"An operation was attempted on a privileged object.

Subject:
	Security ID:		EXAMPLE2\Administrator
	Account Name:		Administrator
	Account Domain:		EXAMPLE2
	Logon ID:		0x78AED

Object:
	Object Server:	Security
	Object Type:	Key
	Object Name:	\REGISTRY\MACHINE\SOFTWARE\Microsoft\Windows NT\CurrentVersion\Perflib
	Object Handle:	0x70c

Process Information:
	Process ID:	0x95c
	Process Name:	C:\Windows\System32\wbem\WmiPrvSE.exe

Requested Operation:
	Desired Access:	DELETE
				READ_CONTROL
				WRITE_DAC
				WRITE_OWNER
				ACCESS_SYS_SEC
				Query key value
				Set key value
				Create sub-key
				Enumerate sub-keys
				Notify about changes to keys
				Create Link
				
	Privileges:		SeSecurityPrivilege"
Audit Success,3/10/2019 5:27:04 AM,Microsoft-Windows-Security-Auditing,4688,Process Creation,"A new process has been created.

Creator Subject:
	Security ID:		EXAMPLE2\Administrator
	Account Name:		Administrator
	Account Domain:		EXAMPLE2
	Logon ID:		0x78AED

Target Subject:
	Security ID:		NULL SID
	Account Name:		-
	Account Domain:		-
	Logon ID:		0x0

Process Information:
	New Process ID:		0xed4
	New Process Name:	C:\Windows\System32\mmc.exe
	Token Elevation Type:	%%1936
	Mandatory Label:		Mandatory Label\High Mandatory Level
	Creator Process ID:	0x101c
	Creator Process Name:	C:\Windows\System32\ServerManager.exe
	Process Command Line:	

Token Elevation Type indicates the type of token that was assigned to the new process in accordance with User Account Control policy.

Type 1 is a full token with no privileges removed or groups disabled.  A full token is only used if User Account Control is disabled or if the user is the built-in Administrator account or a service account.

Type 2 is an elevated token with no privileges removed or groups disabled.  An elevated token is used when User Account Control is enabled and the user chooses to start the program using Run as administrator.  An elevated token is also used when an application is configured to always require administrative privilege or to always require maximum privilege, and the user is a member of the Administrators group.

Type 3 is a limited token with administrative privileges removed and administrative groups disabled.  The limited token is used when User Account Control is enabled, the application does not require administrative privilege, and the user does not choose to start the program using Run as administrator."
Audit Failure,3/10/2019 5:26:59 AM,Microsoft-Windows-Security-Auditing,4674,Sensitive Privilege Use,"An operation was attempted on a privileged object.

Subject:
	Security ID:		LOCAL SERVICE
	Account Name:		LOCAL SERVICE
	Account Domain:		NT AUTHORITY
	Logon ID:		0x3E5

Object:
	Object Server:	LSA
	Object Type:	-
	Object Name:	-
	Object Handle:	0x0

Process Information:
	Process ID:	0x23c
	Process Name:	C:\Windows\System32\lsass.exe

Requested Operation:
	Desired Access:	16777216
	Privileges:		SeSecurityPrivilege"
Audit Failure,3/10/2019 5:26:59 AM,Microsoft-Windows-Security-Auditing,4674,Sensitive Privilege Use,"An operation was attempted on a privileged object.

Subject:
	Security ID:		LOCAL SERVICE
	Account Name:		LOCAL SERVICE
	Account Domain:		NT AUTHORITY
	Logon ID:		0x3E5

Object:
	Object Server:	LSA
	Object Type:	-
	Object Name:	-
	Object Handle:	0x0

Process Information:
	Process ID:	0x23c
	Process Name:	C:\Windows\System32\lsass.exe

Requested Operation:
	Desired Access:	16777216
	Privileges:		SeSecurityPrivilege"
Audit Failure,3/10/2019 5:26:59 AM,Microsoft-Windows-Security-Auditing,4674,Sensitive Privilege Use,"An operation was attempted on a privileged object.

Subject:
	Security ID:		LOCAL SERVICE
	Account Name:		LOCAL SERVICE
	Account Domain:		NT AUTHORITY
	Logon ID:		0x3E5

Object:
	Object Server:	LSA
	Object Type:	-
	Object Name:	-
	Object Handle:	0x0

Process Information:
	Process ID:	0x23c
	Process Name:	C:\Windows\System32\lsass.exe

Requested Operation:
	Desired Access:	16777216
	Privileges:		SeSecurityPrivilege"
Audit Failure,3/10/2019 5:26:59 AM,Microsoft-Windows-Security-Auditing,4674,Sensitive Privilege Use,"An operation was attempted on a privileged object.

Subject:
	Security ID:		LOCAL SERVICE
	Account Name:		LOCAL SERVICE
	Account Domain:		NT AUTHORITY
	Logon ID:		0x3E5

Object:
	Object Server:	LSA
	Object Type:	-
	Object Name:	-
	Object Handle:	0x0

Process Information:
	Process ID:	0x23c
	Process Name:	C:\Windows\System32\lsass.exe

Requested Operation:
	Desired Access:	16777216
	Privileges:		SeSecurityPrivilege"
Audit Success,3/10/2019 5:26:59 AM,Microsoft-Windows-Security-Auditing,5140,File Share,"A network share object was accessed.
	
Subject:
	Security ID:		SYSTEM
	Account Name:		DC$
	Account Domain:		EXAMPLE2
	Logon ID:		0x1D0F25

Network Information:	
	Object Type:		File
	Source Address:		fe80::2cfd:5e25:60dd:6ce0
	Source Port:		64918
	
Share Information:
	Share Name:		\\*\SYSVOL
	Share Path:		\??\C:\Windows\SYSVOL\sysvol

Access Request Information:
	Access Mask:		0x1
	Accesses:		ReadData (or ListDirectory)
				
"
Audit Success,3/10/2019 5:26:43 AM,Microsoft-Windows-Security-Auditing,4688,Process Creation,"A new process has been created.

Creator Subject:
	Security ID:		EXAMPLE2\Administrator
	Account Name:		Administrator
	Account Domain:		EXAMPLE2
	Logon ID:		0x78AED

Target Subject:
	Security ID:		NULL SID
	Account Name:		-
	Account Domain:		-
	Logon ID:		0x0

Process Information:
	New Process ID:		0xdf8
	New Process Name:	C:\Windows\System32\conhost.exe
	Token Elevation Type:	%%1936
	Mandatory Label:		Mandatory Label\High Mandatory Level
	Creator Process ID:	0x99c
	Creator Process Name:	C:\Windows\System32\Configure-SMRemoting.exe
	Process Command Line:	

Token Elevation Type indicates the type of token that was assigned to the new process in accordance with User Account Control policy.

Type 1 is a full token with no privileges removed or groups disabled.  A full token is only used if User Account Control is disabled or if the user is the built-in Administrator account or a service account.

Type 2 is an elevated token with no privileges removed or groups disabled.  An elevated token is used when User Account Control is enabled and the user chooses to start the program using Run as administrator.  An elevated token is also used when an application is configured to always require administrative privilege or to always require maximum privilege, and the user is a member of the Administrators group.

Type 3 is a limited token with administrative privileges removed and administrative groups disabled.  The limited token is used when User Account Control is enabled, the application does not require administrative privilege, and the user does not choose to start the program using Run as administrator."
Audit Success,3/10/2019 5:26:43 AM,Microsoft-Windows-Security-Auditing,4688,Process Creation,"A new process has been created.

Creator Subject:
	Security ID:		SYSTEM
	Account Name:		DC$
	Account Domain:		EXAMPLE2
	Logon ID:		0x3E7

Target Subject:
	Security ID:		NULL SID
	Account Name:		DC$
	Account Domain:		EXAMPLE2
	Logon ID:		0x3E4

Process Information:
	New Process ID:		0x248
	New Process Name:	C:\Windows\System32\sppsvc.exe
	Token Elevation Type:	%%1936
	Mandatory Label:		Mandatory Label\System Mandatory Level
	Creator Process ID:	0x234
	Creator Process Name:	C:\Windows\System32\services.exe
	Process Command Line:	

Token Elevation Type indicates the type of token that was assigned to the new process in accordance with User Account Control policy.

Type 1 is a full token with no privileges removed or groups disabled.  A full token is only used if User Account Control is disabled or if the user is the built-in Administrator account or a service account.

Type 2 is an elevated token with no privileges removed or groups disabled.  An elevated token is used when User Account Control is enabled and the user chooses to start the program using Run as administrator.  An elevated token is also used when an application is configured to always require administrative privilege or to always require maximum privilege, and the user is a member of the Administrators group.

Type 3 is a limited token with administrative privileges removed and administrative groups disabled.  The limited token is used when User Account Control is enabled, the application does not require administrative privilege, and the user does not choose to start the program using Run as administrator."
