Audit Success,3/10/2019 5:44:43 AM,Microsoft-Windows-Security-Auditing,4688,Process Creation,"A new process has been created.

Creator Subject:
	Security ID:		SYSTEM
	Account Name:		DC$
	Account Domain:		EXAMPLE2
	Logon ID:		0x3E7

Target Subject:
	Security ID:		NULL SID
	Account Name:		-
	Account Domain:		-
	Logon ID:		0x0

Process Information:
	New Process ID:		0xc70
	New Process Name:	C:\Windows\System32\MusNotification.exe
	Token Elevation Type:	%%1936
	Mandatory Label:		Mandatory Label\System Mandatory Level
	Creator Process ID:	0x5a8
	Creator Process Name:	C:\Windows\System32\svchost.exe
	Process Command Line:	

Token Elevation Type indicates the type of token that was assigned to the new process in accordance with User Account Control policy.

Type 1 is a full token with no privileges removed or groups disabled.  A full token is only used if User Account Control is disabled or if the user is the built-in Administrator account or a service account.

Type 2 is an elevated token with no privileges removed or groups disabled.  An elevated token is used when User Account Control is enabled and the user chooses to start the program using Run as administrator.  An elevated token is also used when an application is configured to always require administrative privilege or to always require maximum privilege, and the user is a member of the Administrators group.

Type 3 is a limited token with administrative privileges removed and administrative groups disabled.  The limited token is used when User Account Control is enabled, the application does not require administrative privilege, and the user does not choose to start the program using Run as administrator."
Audit Success,3/10/2019 5:42:45 AM,Microsoft-Windows-Security-Auditing,4688,Process Creation,"A new process has been created.

Creator Subject:
	Security ID:		SYSTEM
	Account Name:		DC$
	Account Domain:		EXAMPLE2
	Logon ID:		0x3E7

Target Subject:
	Security ID:		LOCAL SERVICE
	Account Name:		LOCAL SERVICE
	Account Domain:		NT AUTHORITY
	Logon ID:		0x3E5

Process Information:
	New Process ID:		0x1034
	New Process Name:	C:\Windows\System32\wbem\WmiPrvSE.exe
	Token Elevation Type:	%%1936
	Mandatory Label:		Mandatory Label\System Mandatory Level
	Creator Process ID:	0x2e8
	Creator Process Name:	C:\Windows\System32\svchost.exe
	Process Command Line:	

Token Elevation Type indicates the type of token that was assigned to the new process in accordance with User Account Control policy.

Type 1 is a full token with no privileges removed or groups disabled.  A full token is only used if User Account Control is disabled or if the user is the built-in Administrator account or a service account.

Type 2 is an elevated token with no privileges removed or groups disabled.  An elevated token is used when User Account Control is enabled and the user chooses to start the program using Run as administrator.  An elevated token is also used when an application is configured to always require administrative privilege or to always require maximum privilege, and the user is a member of the Administrators group.

Type 3 is a limited token with administrative privileges removed and administrative groups disabled.  The limited token is used when User Account Control is enabled, the application does not require administrative privilege, and the user does not choose to start the program using Run as administrator."
Audit Success,3/10/2019 5:42:43 AM,Microsoft-Windows-Security-Auditing,4688,Process Creation,"A new process has been created.

Creator Subject:
	Security ID:		EXAMPLE2\Administrator
	Account Name:		Administrator
	Account Domain:		EXAMPLE2
	Logon ID:		0x78AED

Target Subject:
	Security ID:		NULL SID
	Account Name:		-
	Account Domain:		-
	Logon ID:		0x0

Process Information:
	New Process ID:		0x10f8
	New Process Name:	C:\Windows\System32\conhost.exe
	Token Elevation Type:	%%1936
	Mandatory Label:		Mandatory Label\High Mandatory Level
	Creator Process ID:	0x10e8
	Creator Process Name:	C:\Windows\System32\Configure-SMRemoting.exe
	Process Command Line:	

Token Elevation Type indicates the type of token that was assigned to the new process in accordance with User Account Control policy.

Type 1 is a full token with no privileges removed or groups disabled.  A full token is only used if User Account Control is disabled or if the user is the built-in Administrator account or a service account.

Type 2 is an elevated token with no privileges removed or groups disabled.  An elevated token is used when User Account Control is enabled and the user chooses to start the program using Run as administrator.  An elevated token is also used when an application is configured to always require administrative privilege or to always require maximum privilege, and the user is a member of the Administrators group.

Type 3 is a limited token with administrative privileges removed and administrative groups disabled.  The limited token is used when User Account Control is enabled, the application does not require administrative privilege, and the user does not choose to start the program using Run as administrator."
Audit Success,3/10/2019 5:42:43 AM,Microsoft-Windows-Security-Auditing,4688,Process Creation,"A new process has been created.

Creator Subject:
	Security ID:		EXAMPLE2\Administrator
	Account Name:		Administrator
	Account Domain:		EXAMPLE2
	Logon ID:		0x78AED

Target Subject:
	Security ID:		NULL SID
	Account Name:		-
	Account Domain:		-
	Logon ID:		0x0

Process Information:
	New Process ID:		0x10e8
	New Process Name:	C:\Windows\System32\Configure-SMRemoting.exe
	Token Elevation Type:	%%1936
	Mandatory Label:		Mandatory Label\High Mandatory Level
	Creator Process ID:	0x101c
	Creator Process Name:	C:\Windows\System32\ServerManager.exe
	Process Command Line:	

Token Elevation Type indicates the type of token that was assigned to the new process in accordance with User Account Control policy.

Type 1 is a full token with no privileges removed or groups disabled.  A full token is only used if User Account Control is disabled or if the user is the built-in Administrator account or a service account.

Type 2 is an elevated token with no privileges removed or groups disabled.  An elevated token is used when User Account Control is enabled and the user chooses to start the program using Run as administrator.  An elevated token is also used when an application is configured to always require administrative privilege or to always require maximum privilege, and the user is a member of the Administrators group.

Type 3 is a limited token with administrative privileges removed and administrative groups disabled.  The limited token is used when User Account Control is enabled, the application does not require administrative privilege, and the user does not choose to start the program using Run as administrator."
Audit Success,3/10/2019 5:42:43 AM,Microsoft-Windows-Security-Auditing,4688,Process Creation,"A new process has been created.

Creator Subject:
	Security ID:		SYSTEM
	Account Name:		DC$
	Account Domain:		EXAMPLE2
	Logon ID:		0x3E7

Target Subject:
	Security ID:		NULL SID
	Account Name:		-
	Account Domain:		-
	Logon ID:		0x0

Process Information:
	New Process ID:		0x111c
	New Process Name:	C:\Windows\System32\MusNotification.exe
	Token Elevation Type:	%%1936
	Mandatory Label:		Mandatory Label\System Mandatory Level
	Creator Process ID:	0x5a8
	Creator Process Name:	C:\Windows\System32\svchost.exe
	Process Command Line:	

Token Elevation Type indicates the type of token that was assigned to the new process in accordance with User Account Control policy.

Type 1 is a full token with no privileges removed or groups disabled.  A full token is only used if User Account Control is disabled or if the user is the built-in Administrator account or a service account.

Type 2 is an elevated token with no privileges removed or groups disabled.  An elevated token is used when User Account Control is enabled and the user chooses to start the program using Run as administrator.  An elevated token is also used when an application is configured to always require administrative privilege or to always require maximum privilege, and the user is a member of the Administrators group.

Type 3 is a limited token with administrative privileges removed and administrative groups disabled.  The limited token is used when User Account Control is enabled, the application does not require administrative privilege, and the user does not choose to start the program using Run as administrator."
Audit Failure,3/10/2019 5:41:59 AM,Microsoft-Windows-Security-Auditing,4674,Sensitive Privilege Use,"An operation was attempted on a privileged object.

Subject:
	Security ID:		LOCAL SERVICE
	Account Name:		LOCAL SERVICE
	Account Domain:		NT AUTHORITY
	Logon ID:		0x3E5

Object:
	Object Server:	LSA
	Object Type:	-
	Object Name:	-
	Object Handle:	0x0

Process Information:
	Process ID:	0x23c
	Process Name:	C:\Windows\System32\lsass.exe

Requested Operation:
	Desired Access:	16777216
	Privileges:		SeSecurityPrivilege"
Audit Failure,3/10/2019 5:41:59 AM,Microsoft-Windows-Security-Auditing,4674,Sensitive Privilege Use,"An operation was attempted on a privileged object.

Subject:
	Security ID:		LOCAL SERVICE
	Account Name:		LOCAL SERVICE
	Account Domain:		NT AUTHORITY
	Logon ID:		0x3E5

Object:
	Object Server:	LSA
	Object Type:	-
	Object Name:	-
	Object Handle:	0x0

Process Information:
	Process ID:	0x23c
	Process Name:	C:\Windows\System32\lsass.exe

Requested Operation:
	Desired Access:	16777216
	Privileges:		SeSecurityPrivilege"
Audit Failure,3/10/2019 5:41:59 AM,Microsoft-Windows-Security-Auditing,4674,Sensitive Privilege Use,"An operation was attempted on a privileged object.

Subject:
	Security ID:		LOCAL SERVICE
	Account Name:		LOCAL SERVICE
	Account Domain:		NT AUTHORITY
	Logon ID:		0x3E5

Object:
	Object Server:	LSA
	Object Type:	-
	Object Name:	-
	Object Handle:	0x0

Process Information:
	Process ID:	0x23c
	Process Name:	C:\Windows\System32\lsass.exe

Requested Operation:
	Desired Access:	16777216
	Privileges:		SeSecurityPrivilege"
Audit Failure,3/10/2019 5:41:59 AM,Microsoft-Windows-Security-Auditing,4674,Sensitive Privilege Use,"An operation was attempted on a privileged object.

Subject:
	Security ID:		LOCAL SERVICE
	Account Name:		LOCAL SERVICE
	Account Domain:		NT AUTHORITY
	Logon ID:		0x3E5

Object:
	Object Server:	LSA
	Object Type:	-
	Object Name:	-
	Object Handle:	0x0

Process Information:
	Process ID:	0x23c
	Process Name:	C:\Windows\System32\lsass.exe

Requested Operation:
	Desired Access:	16777216
	Privileges:		SeSecurityPrivilege"
Audit Success,3/10/2019 5:41:59 AM,Microsoft-Windows-Security-Auditing,5140,File Share,"A network share object was accessed.
	
Subject:
	Security ID:		SYSTEM
	Account Name:		DC$
	Account Domain:		EXAMPLE2
	Logon ID:		0x2C694E

Network Information:	
	Object Type:		File
	Source Address:		fe80::2cfd:5e25:60dd:6ce0
	Source Port:		64986
	
Share Information:
	Share Name:		\\*\SYSVOL
	Share Path:		\??\C:\Windows\SYSVOL\sysvol

Access Request Information:
	Access Mask:		0x1
	Accesses:		ReadData (or ListDirectory)
				
"
Audit Success,3/10/2019 5:40:45 AM,Microsoft-Windows-Security-Auditing,4688,Process Creation,"A new process has been created.

Creator Subject:
	Security ID:		SYSTEM
	Account Name:		DC$
	Account Domain:		EXAMPLE2
	Logon ID:		0x3E7

Target Subject:
	Security ID:		LOCAL SERVICE
	Account Name:		LOCAL SERVICE
	Account Domain:		NT AUTHORITY
	Logon ID:		0x3E5

Process Information:
	New Process ID:		0x1018
	New Process Name:	C:\Windows\System32\wbem\WmiPrvSE.exe
	Token Elevation Type:	%%1936
	Mandatory Label:		Mandatory Label\System Mandatory Level
	Creator Process ID:	0x2e8
	Creator Process Name:	C:\Windows\System32\svchost.exe
	Process Command Line:	

Token Elevation Type indicates the type of token that was assigned to the new process in accordance with User Account Control policy.

Type 1 is a full token with no privileges removed or groups disabled.  A full token is only used if User Account Control is disabled or if the user is the built-in Administrator account or a service account.

Type 2 is an elevated token with no privileges removed or groups disabled.  An elevated token is used when User Account Control is enabled and the user chooses to start the program using Run as administrator.  An elevated token is also used when an application is configured to always require administrative privilege or to always require maximum privilege, and the user is a member of the Administrators group.

Type 3 is a limited token with administrative privileges removed and administrative groups disabled.  The limited token is used when User Account Control is enabled, the application does not require administrative privilege, and the user does not choose to start the program using Run as administrator."
Audit Success,3/10/2019 5:40:43 AM,Microsoft-Windows-Security-Auditing,4688,Process Creation,"A new process has been created.

Creator Subject:
	Security ID:		EXAMPLE2\Administrator
	Account Name:		Administrator
	Account Domain:		EXAMPLE2
	Logon ID:		0x78AED

Target Subject:
	Security ID:		NULL SID
	Account Name:		-
	Account Domain:		-
	Logon ID:		0x0

Process Information:
	New Process ID:		0x102c
	New Process Name:	C:\Windows\System32\conhost.exe
	Token Elevation Type:	%%1936
	Mandatory Label:		Mandatory Label\High Mandatory Level
	Creator Process ID:	0xc48
	Creator Process Name:	C:\Windows\System32\Configure-SMRemoting.exe
	Process Command Line:	

Token Elevation Type indicates the type of token that was assigned to the new process in accordance with User Account Control policy.

Type 1 is a full token with no privileges removed or groups disabled.  A full token is only used if User Account Control is disabled or if the user is the built-in Administrator account or a service account.

Type 2 is an elevated token with no privileges removed or groups disabled.  An elevated token is used when User Account Control is enabled and the user chooses to start the program using Run as administrator.  An elevated token is also used when an application is configured to always require administrative privilege or to always require maximum privilege, and the user is a member of the Administrators group.

Type 3 is a limited token with administrative privileges removed and administrative groups disabled.  The limited token is used when User Account Control is enabled, the application does not require administrative privilege, and the user does not choose to start the program using Run as administrator."
Audit Success,3/10/2019 5:40:43 AM,Microsoft-Windows-Security-Auditing,4688,Process Creation,"A new process has been created.

Creator Subject:
	Security ID:		EXAMPLE2\Administrator
	Account Name:		Administrator
	Account Domain:		EXAMPLE2
	Logon ID:		0x78AED

Target Subject:
	Security ID:		NULL SID
	Account Name:		-
	Account Domain:		-
	Logon ID:		0x0

Process Information:
	New Process ID:		0xc48
	New Process Name:	C:\Windows\System32\Configure-SMRemoting.exe
	Token Elevation Type:	%%1936
	Mandatory Label:		Mandatory Label\High Mandatory Level
	Creator Process ID:	0x101c
	Creator Process Name:	C:\Windows\System32\ServerManager.exe
	Process Command Line:	

Token Elevation Type indicates the type of token that was assigned to the new process in accordance with User Account Control policy.

Type 1 is a full token with no privileges removed or groups disabled.  A full token is only used if User Account Control is disabled or if the user is the built-in Administrator account or a service account.

Type 2 is an elevated token with no privileges removed or groups disabled.  An elevated token is used when User Account Control is enabled and the user chooses to start the program using Run as administrator.  An elevated token is also used when an application is configured to always require administrative privilege or to always require maximum privilege, and the user is a member of the Administrators group.

Type 3 is a limited token with administrative privileges removed and administrative groups disabled.  The limited token is used when User Account Control is enabled, the application does not require administrative privilege, and the user does not choose to start the program using Run as administrator."
Audit Success,3/10/2019 5:40:43 AM,Microsoft-Windows-Security-Auditing,4688,Process Creation,"A new process has been created.

Creator Subject:
	Security ID:		SYSTEM
	Account Name:		DC$
	Account Domain:		EXAMPLE2
	Logon ID:		0x3E7

Target Subject:
	Security ID:		NULL SID
	Account Name:		-
	Account Domain:		-
	Logon ID:		0x0

Process Information:
	New Process ID:		0xd04
	New Process Name:	C:\Windows\System32\MusNotification.exe
	Token Elevation Type:	%%1936
	Mandatory Label:		Mandatory Label\System Mandatory Level
	Creator Process ID:	0x5a8
	Creator Process Name:	C:\Windows\System32\svchost.exe
	Process Command Line:	

Token Elevation Type indicates the type of token that was assigned to the new process in accordance with User Account Control policy.

Type 1 is a full token with no privileges removed or groups disabled.  A full token is only used if User Account Control is disabled or if the user is the built-in Administrator account or a service account.

Type 2 is an elevated token with no privileges removed or groups disabled.  An elevated token is used when User Account Control is enabled and the user chooses to start the program using Run as administrator.  An elevated token is also used when an application is configured to always require administrative privilege or to always require maximum privilege, and the user is a member of the Administrators group.

Type 3 is a limited token with administrative privileges removed and administrative groups disabled.  The limited token is used when User Account Control is enabled, the application does not require administrative privilege, and the user does not choose to start the program using Run as administrator."
Audit Success,3/10/2019 5:38:43 AM,Microsoft-Windows-Security-Auditing,4688,Process Creation,"A new process has been created.

Creator Subject:
	Security ID:		EXAMPLE2\Administrator
	Account Name:		Administrator
	Account Domain:		EXAMPLE2
	Logon ID:		0x78AED

Target Subject:
	Security ID:		NULL SID
	Account Name:		-
	Account Domain:		-
	Logon ID:		0x0

Process Information:
	New Process ID:		0x218
	New Process Name:	C:\Windows\System32\conhost.exe
	Token Elevation Type:	%%1936
	Mandatory Label:		Mandatory Label\High Mandatory Level
	Creator Process ID:	0x122c
	Creator Process Name:	C:\Windows\System32\Configure-SMRemoting.exe
	Process Command Line:	

Token Elevation Type indicates the type of token that was assigned to the new process in accordance with User Account Control policy.

Type 1 is a full token with no privileges removed or groups disabled.  A full token is only used if User Account Control is disabled or if the user is the built-in Administrator account or a service account.

Type 2 is an elevated token with no privileges removed or groups disabled.  An elevated token is used when User Account Control is enabled and the user chooses to start the program using Run as administrator.  An elevated token is also used when an application is configured to always require administrative privilege or to always require maximum privilege, and the user is a member of the Administrators group.

Type 3 is a limited token with administrative privileges removed and administrative groups disabled.  The limited token is used when User Account Control is enabled, the application does not require administrative privilege, and the user does not choose to start the program using Run as administrator."
Audit Success,3/10/2019 5:38:43 AM,Microsoft-Windows-Security-Auditing,4688,Process Creation,"A new process has been created.

Creator Subject:
	Security ID:		EXAMPLE2\Administrator
	Account Name:		Administrator
	Account Domain:		EXAMPLE2
	Logon ID:		0x78AED

Target Subject:
	Security ID:		NULL SID
	Account Name:		-
	Account Domain:		-
	Logon ID:		0x0

Process Information:
	New Process ID:		0x122c
	New Process Name:	C:\Windows\System32\Configure-SMRemoting.exe
	Token Elevation Type:	%%1936
	Mandatory Label:		Mandatory Label\High Mandatory Level
	Creator Process ID:	0x101c
	Creator Process Name:	C:\Windows\System32\ServerManager.exe
	Process Command Line:	

Token Elevation Type indicates the type of token that was assigned to the new process in accordance with User Account Control policy.

Type 1 is a full token with no privileges removed or groups disabled.  A full token is only used if User Account Control is disabled or if the user is the built-in Administrator account or a service account.

Type 2 is an elevated token with no privileges removed or groups disabled.  An elevated token is used when User Account Control is enabled and the user chooses to start the program using Run as administrator.  An elevated token is also used when an application is configured to always require administrative privilege or to always require maximum privilege, and the user is a member of the Administrators group.

Type 3 is a limited token with administrative privileges removed and administrative groups disabled.  The limited token is used when User Account Control is enabled, the application does not require administrative privilege, and the user does not choose to start the program using Run as administrator."
Audit Success,3/10/2019 5:38:43 AM,Microsoft-Windows-Security-Auditing,4688,Process Creation,"A new process has been created.

Creator Subject:
	Security ID:		SYSTEM
	Account Name:		DC$
	Account Domain:		EXAMPLE2
	Logon ID:		0x3E7

Target Subject:
	Security ID:		NULL SID
	Account Name:		-
	Account Domain:		-
	Logon ID:		0x0

Process Information:
	New Process ID:		0x1354
	New Process Name:	C:\Windows\System32\MusNotification.exe
	Token Elevation Type:	%%1936
	Mandatory Label:		Mandatory Label\System Mandatory Level
	Creator Process ID:	0x5a8
	Creator Process Name:	C:\Windows\System32\svchost.exe
	Process Command Line:	

Token Elevation Type indicates the type of token that was assigned to the new process in accordance with User Account Control policy.

Type 1 is a full token with no privileges removed or groups disabled.  A full token is only used if User Account Control is disabled or if the user is the built-in Administrator account or a service account.

Type 2 is an elevated token with no privileges removed or groups disabled.  An elevated token is used when User Account Control is enabled and the user chooses to start the program using Run as administrator.  An elevated token is also used when an application is configured to always require administrative privilege or to always require maximum privilege, and the user is a member of the Administrators group.

Type 3 is a limited token with administrative privileges removed and administrative groups disabled.  The limited token is used when User Account Control is enabled, the application does not require administrative privilege, and the user does not choose to start the program using Run as administrator."
Audit Success,3/10/2019 5:37:25 AM,Microsoft-Windows-Security-Auditing,4688,Process Creation,"A new process has been created.

Creator Subject:
	Security ID:		SYSTEM
	Account Name:		DC$
	Account Domain:		EXAMPLE2
	Logon ID:		0x3E7

Target Subject:
	Security ID:		NULL SID
	Account Name:		-
	Account Domain:		-
	Logon ID:		0x0

Process Information:
	New Process ID:		0x24c
	New Process Name:	C:\Windows\System32\wbem\WmiPrvSE.exe
	Token Elevation Type:	%%1936
	Mandatory Label:		Mandatory Label\System Mandatory Level
	Creator Process ID:	0x2e8
	Creator Process Name:	C:\Windows\System32\svchost.exe
	Process Command Line:	

Token Elevation Type indicates the type of token that was assigned to the new process in accordance with User Account Control policy.

Type 1 is a full token with no privileges removed or groups disabled.  A full token is only used if User Account Control is disabled or if the user is the built-in Administrator account or a service account.

Type 2 is an elevated token with no privileges removed or groups disabled.  An elevated token is used when User Account Control is enabled and the user chooses to start the program using Run as administrator.  An elevated token is also used when an application is configured to always require administrative privilege or to always require maximum privilege, and the user is a member of the Administrators group.

Type 3 is a limited token with administrative privileges removed and administrative groups disabled.  The limited token is used when User Account Control is enabled, the application does not require administrative privilege, and the user does not choose to start the program using Run as administrator."
Audit Success,3/10/2019 5:37:24 AM,Microsoft-Windows-Security-Auditing,4674,Sensitive Privilege Use,"An operation was attempted on a privileged object.

Subject:
	Security ID:		EXAMPLE2\Administrator
	Account Name:		Administrator
	Account Domain:		EXAMPLE2
	Logon ID:		0x78AED

Object:
	Object Server:	Security
	Object Type:	-
	Object Name:	-
	Object Handle:	0x3b4

Process Information:
	Process ID:	0x95c
	Process Name:	C:\Windows\System32\wbem\WmiPrvSE.exe

Requested Operation:
	Desired Access:	17760319
	Privileges:		SeSecurityPrivilege"
Audit Success,3/10/2019 5:37:24 AM,Microsoft-Windows-Security-Auditing,4674,Sensitive Privilege Use,"An operation was attempted on a privileged object.

Subject:
	Security ID:		EXAMPLE2\Administrator
	Account Name:		Administrator
	Account Domain:		EXAMPLE2
	Logon ID:		0x78AED

Object:
	Object Server:	Security
	Object Type:	Key
	Object Name:	\REGISTRY\MACHINE\SOFTWARE\Microsoft\Windows NT\CurrentVersion\Perflib
	Object Handle:	0x3b4

Process Information:
	Process ID:	0x95c
	Process Name:	C:\Windows\System32\wbem\WmiPrvSE.exe

Requested Operation:
	Desired Access:	DELETE
				READ_CONTROL
				WRITE_DAC
				WRITE_OWNER
				ACCESS_SYS_SEC
				Query key value
				Set key value
				Create sub-key
				Enumerate sub-keys
				Notify about changes to keys
				Create Link
				
	Privileges:		SeSecurityPrivilege"
Audit Success,3/10/2019 5:37:23 AM,Microsoft-Windows-Security-Auditing,4674,Sensitive Privilege Use,"An operation was attempted on a privileged object.

Subject:
	Security ID:		EXAMPLE2\Administrator
	Account Name:		Administrator
	Account Domain:		EXAMPLE2
	Logon ID:		0x78AED

Object:
	Object Server:	Security
	Object Type:	-
	Object Name:	-
	Object Handle:	0x788

Process Information:
	Process ID:	0x95c
	Process Name:	C:\Windows\System32\wbem\WmiPrvSE.exe

Requested Operation:
	Desired Access:	17760319
	Privileges:		SeSecurityPrivilege"
Audit Success,3/10/2019 5:37:23 AM,Microsoft-Windows-Security-Auditing,4674,Sensitive Privilege Use,"An operation was attempted on a privileged object.

Subject:
	Security ID:		EXAMPLE2\Administrator
	Account Name:		Administrator
	Account Domain:		EXAMPLE2
	Logon ID:		0x78AED

Object:
	Object Server:	Security
	Object Type:	Key
	Object Name:	\REGISTRY\MACHINE\SOFTWARE\Microsoft\Windows NT\CurrentVersion\Perflib
	Object Handle:	0x788

Process Information:
	Process ID:	0x95c
	Process Name:	C:\Windows\System32\wbem\WmiPrvSE.exe

Requested Operation:
	Desired Access:	DELETE
				READ_CONTROL
				WRITE_DAC
				WRITE_OWNER
				ACCESS_SYS_SEC
				Query key value
				Set key value
				Create sub-key
				Enumerate sub-keys
				Notify about changes to keys
				Create Link
				
	Privileges:		SeSecurityPrivilege"
Audit Failure,3/10/2019 5:36:59 AM,Microsoft-Windows-Security-Auditing,4674,Sensitive Privilege Use,"An operation was attempted on a privileged object.

Subject:
	Security ID:		LOCAL SERVICE
	Account Name:		LOCAL SERVICE
	Account Domain:		NT AUTHORITY
	Logon ID:		0x3E5

Object:
	Object Server:	LSA
	Object Type:	-
	Object Name:	-
	Object Handle:	0x0

Process Information:
	Process ID:	0x23c
	Process Name:	C:\Windows\System32\lsass.exe

Requested Operation:
	Desired Access:	16777216
	Privileges:		SeSecurityPrivilege"
Audit Failure,3/10/2019 5:36:59 AM,Microsoft-Windows-Security-Auditing,4674,Sensitive Privilege Use,"An operation was attempted on a privileged object.

Subject:
	Security ID:		LOCAL SERVICE
	Account Name:		LOCAL SERVICE
	Account Domain:		NT AUTHORITY
	Logon ID:		0x3E5

Object:
	Object Server:	LSA
	Object Type:	-
	Object Name:	-
	Object Handle:	0x0

Process Information:
	Process ID:	0x23c
	Process Name:	C:\Windows\System32\lsass.exe

Requested Operation:
	Desired Access:	16777216
	Privileges:		SeSecurityPrivilege"
Audit Failure,3/10/2019 5:36:59 AM,Microsoft-Windows-Security-Auditing,4674,Sensitive Privilege Use,"An operation was attempted on a privileged object.

Subject:
	Security ID:		LOCAL SERVICE
	Account Name:		LOCAL SERVICE
	Account Domain:		NT AUTHORITY
	Logon ID:		0x3E5

Object:
	Object Server:	LSA
	Object Type:	-
	Object Name:	-
	Object Handle:	0x0

Process Information:
	Process ID:	0x23c
	Process Name:	C:\Windows\System32\lsass.exe

Requested Operation:
	Desired Access:	16777216
	Privileges:		SeSecurityPrivilege"
Audit Failure,3/10/2019 5:36:59 AM,Microsoft-Windows-Security-Auditing,4674,Sensitive Privilege Use,"An operation was attempted on a privileged object.

Subject:
	Security ID:		LOCAL SERVICE
	Account Name:		LOCAL SERVICE
	Account Domain:		NT AUTHORITY
	Logon ID:		0x3E5

Object:
	Object Server:	LSA
	Object Type:	-
	Object Name:	-
	Object Handle:	0x0

Process Information:
	Process ID:	0x23c
	Process Name:	C:\Windows\System32\lsass.exe

Requested Operation:
	Desired Access:	16777216
	Privileges:		SeSecurityPrivilege"
Audit Success,3/10/2019 5:36:59 AM,Microsoft-Windows-Security-Auditing,5140,File Share,"A network share object was accessed.
	
Subject:
	Security ID:		SYSTEM
	Account Name:		DC$
	Account Domain:		EXAMPLE2
	Logon ID:		0x27857C

Network Information:	
	Object Type:		File
	Source Address:		fe80::2cfd:5e25:60dd:6ce0
	Source Port:		64972
	
Share Information:
	Share Name:		\\*\SYSVOL
	Share Path:		\??\C:\Windows\SYSVOL\sysvol

Access Request Information:
	Access Mask:		0x1
	Accesses:		ReadData (or ListDirectory)
				
"
Audit Success,3/10/2019 5:36:45 AM,Microsoft-Windows-Security-Auditing,4688,Process Creation,"A new process has been created.

Creator Subject:
	Security ID:		SYSTEM
	Account Name:		DC$
	Account Domain:		EXAMPLE2
	Logon ID:		0x3E7

Target Subject:
	Security ID:		LOCAL SERVICE
	Account Name:		LOCAL SERVICE
	Account Domain:		NT AUTHORITY
	Logon ID:		0x3E5

Process Information:
	New Process ID:		0x1050
	New Process Name:	C:\Windows\System32\wbem\WmiPrvSE.exe
	Token Elevation Type:	%%1936
	Mandatory Label:		Mandatory Label\System Mandatory Level
	Creator Process ID:	0x2e8
	Creator Process Name:	C:\Windows\System32\svchost.exe
	Process Command Line:	

Token Elevation Type indicates the type of token that was assigned to the new process in accordance with User Account Control policy.

Type 1 is a full token with no privileges removed or groups disabled.  A full token is only used if User Account Control is disabled or if the user is the built-in Administrator account or a service account.

Type 2 is an elevated token with no privileges removed or groups disabled.  An elevated token is used when User Account Control is enabled and the user chooses to start the program using Run as administrator.  An elevated token is also used when an application is configured to always require administrative privilege or to always require maximum privilege, and the user is a member of the Administrators group.

Type 3 is a limited token with administrative privileges removed and administrative groups disabled.  The limited token is used when User Account Control is enabled, the application does not require administrative privilege, and the user does not choose to start the program using Run as administrator."
Audit Success,3/10/2019 5:36:43 AM,Microsoft-Windows-Security-Auditing,4688,Process Creation,"A new process has been created.

Creator Subject:
	Security ID:		EXAMPLE2\Administrator
	Account Name:		Administrator
	Account Domain:		EXAMPLE2
	Logon ID:		0x78AED

Target Subject:
	Security ID:		NULL SID
	Account Name:		-
	Account Domain:		-
	Logon ID:		0x0

Process Information:
	New Process ID:		0xbfc
	New Process Name:	C:\Windows\System32\conhost.exe
	Token Elevation Type:	%%1936
	Mandatory Label:		Mandatory Label\High Mandatory Level
	Creator Process ID:	0x1268
	Creator Process Name:	C:\Windows\System32\Configure-SMRemoting.exe
	Process Command Line:	

Token Elevation Type indicates the type of token that was assigned to the new process in accordance with User Account Control policy.

Type 1 is a full token with no privileges removed or groups disabled.  A full token is only used if User Account Control is disabled or if the user is the built-in Administrator account or a service account.

Type 2 is an elevated token with no privileges removed or groups disabled.  An elevated token is used when User Account Control is enabled and the user chooses to start the program using Run as administrator.  An elevated token is also used when an application is configured to always require administrative privilege or to always require maximum privilege, and the user is a member of the Administrators group.

Type 3 is a limited token with administrative privileges removed and administrative groups disabled.  The limited token is used when User Account Control is enabled, the application does not require administrative privilege, and the user does not choose to start the program using Run as administrator."
Audit Success,3/10/2019 5:36:43 AM,Microsoft-Windows-Security-Auditing,4688,Process Creation,"A new process has been created.

Creator Subject:
	Security ID:		EXAMPLE2\Administrator
	Account Name:		Administrator
	Account Domain:		EXAMPLE2
	Logon ID:		0x78AED

Target Subject:
	Security ID:		NULL SID
	Account Name:		-
	Account Domain:		-
	Logon ID:		0x0

Process Information:
	New Process ID:		0x1268
	New Process Name:	C:\Windows\System32\Configure-SMRemoting.exe
	Token Elevation Type:	%%1936
	Mandatory Label:		Mandatory Label\High Mandatory Level
	Creator Process ID:	0x101c
	Creator Process Name:	C:\Windows\System32\ServerManager.exe
	Process Command Line:	

Token Elevation Type indicates the type of token that was assigned to the new process in accordance with User Account Control policy.

Type 1 is a full token with no privileges removed or groups disabled.  A full token is only used if User Account Control is disabled or if the user is the built-in Administrator account or a service account.

Type 2 is an elevated token with no privileges removed or groups disabled.  An elevated token is used when User Account Control is enabled and the user chooses to start the program using Run as administrator.  An elevated token is also used when an application is configured to always require administrative privilege or to always require maximum privilege, and the user is a member of the Administrators group.

Type 3 is a limited token with administrative privileges removed and administrative groups disabled.  The limited token is used when User Account Control is enabled, the application does not require administrative privilege, and the user does not choose to start the program using Run as administrator."
Audit Success,3/10/2019 5:36:43 AM,Microsoft-Windows-Security-Auditing,4688,Process Creation,"A new process has been created.

Creator Subject:
	Security ID:		SYSTEM
	Account Name:		DC$
	Account Domain:		EXAMPLE2
	Logon ID:		0x3E7

Target Subject:
	Security ID:		NULL SID
	Account Name:		-
	Account Domain:		-
	Logon ID:		0x0

Process Information:
	New Process ID:		0x10b0
	New Process Name:	C:\Windows\System32\MusNotification.exe
	Token Elevation Type:	%%1936
	Mandatory Label:		Mandatory Label\System Mandatory Level
	Creator Process ID:	0x5a8
	Creator Process Name:	C:\Windows\System32\svchost.exe
	Process Command Line:	

Token Elevation Type indicates the type of token that was assigned to the new process in accordance with User Account Control policy.

Type 1 is a full token with no privileges removed or groups disabled.  A full token is only used if User Account Control is disabled or if the user is the built-in Administrator account or a service account.

Type 2 is an elevated token with no privileges removed or groups disabled.  An elevated token is used when User Account Control is enabled and the user chooses to start the program using Run as administrator.  An elevated token is also used when an application is configured to always require administrative privilege or to always require maximum privilege, and the user is a member of the Administrators group.

Type 3 is a limited token with administrative privileges removed and administrative groups disabled.  The limited token is used when User Account Control is enabled, the application does not require administrative privilege, and the user does not choose to start the program using Run as administrator."
Audit Success,3/10/2019 5:36:17 AM,Microsoft-Windows-Security-Auditing,5140,File Share,"A network share object was accessed.
	
Subject:
	Security ID:		SYSTEM
	Account Name:		DC$
	Account Domain:		EXAMPLE2
	Logon ID:		0x269FCA

Network Information:	
	Object Type:		File
	Source Address:		fe80::2cfd:5e25:60dd:6ce0
	Source Port:		64964
	
Share Information:
	Share Name:		\\*\SYSVOL
	Share Path:		\??\C:\Windows\SYSVOL\sysvol

Access Request Information:
	Access Mask:		0x1
	Accesses:		ReadData (or ListDirectory)
				
"
Audit Success,3/10/2019 5:35:20 AM,Microsoft-Windows-Security-Auditing,5140,File Share,"A network share object was accessed.
	
Subject:
	Security ID:		EXAMPLE2\user01
	Account Name:		user01
	Account Domain:		EXAMPLE2
	Logon ID:		0x25EE70

Network Information:	
	Object Type:		File
	Source Address:		192.168.2.22
	Source Port:		44441
	
Share Information:
	Share Name:		\\*\IPC$
	Share Path:		

Access Request Information:
	Access Mask:		0x1
	Accesses:		ReadData (or ListDirectory)
				
"
Audit Success,3/10/2019 5:34:45 AM,Microsoft-Windows-Security-Auditing,4688,Process Creation,"A new process has been created.

Creator Subject:
	Security ID:		SYSTEM
	Account Name:		DC$
	Account Domain:		EXAMPLE2
	Logon ID:		0x3E7

Target Subject:
	Security ID:		LOCAL SERVICE
	Account Name:		LOCAL SERVICE
	Account Domain:		NT AUTHORITY
	Logon ID:		0x3E5

Process Information:
	New Process ID:		0x13b8
	New Process Name:	C:\Windows\System32\wbem\WmiPrvSE.exe
	Token Elevation Type:	%%1936
	Mandatory Label:		Mandatory Label\System Mandatory Level
	Creator Process ID:	0x2e8
	Creator Process Name:	C:\Windows\System32\svchost.exe
	Process Command Line:	

Token Elevation Type indicates the type of token that was assigned to the new process in accordance with User Account Control policy.

Type 1 is a full token with no privileges removed or groups disabled.  A full token is only used if User Account Control is disabled or if the user is the built-in Administrator account or a service account.

Type 2 is an elevated token with no privileges removed or groups disabled.  An elevated token is used when User Account Control is enabled and the user chooses to start the program using Run as administrator.  An elevated token is also used when an application is configured to always require administrative privilege or to always require maximum privilege, and the user is a member of the Administrators group.

Type 3 is a limited token with administrative privileges removed and administrative groups disabled.  The limited token is used when User Account Control is enabled, the application does not require administrative privilege, and the user does not choose to start the program using Run as administrator."
Audit Success,3/10/2019 5:34:43 AM,Microsoft-Windows-Security-Auditing,4688,Process Creation,"A new process has been created.

Creator Subject:
	Security ID:		EXAMPLE2\Administrator
	Account Name:		Administrator
	Account Domain:		EXAMPLE2
	Logon ID:		0x78AED

Target Subject:
	Security ID:		NULL SID
	Account Name:		-
	Account Domain:		-
	Logon ID:		0x0

Process Information:
	New Process ID:		0x69c
	New Process Name:	C:\Windows\System32\conhost.exe
	Token Elevation Type:	%%1936
	Mandatory Label:		Mandatory Label\High Mandatory Level
	Creator Process ID:	0xaac
	Creator Process Name:	C:\Windows\System32\Configure-SMRemoting.exe
	Process Command Line:	

Token Elevation Type indicates the type of token that was assigned to the new process in accordance with User Account Control policy.

Type 1 is a full token with no privileges removed or groups disabled.  A full token is only used if User Account Control is disabled or if the user is the built-in Administrator account or a service account.

Type 2 is an elevated token with no privileges removed or groups disabled.  An elevated token is used when User Account Control is enabled and the user chooses to start the program using Run as administrator.  An elevated token is also used when an application is configured to always require administrative privilege or to always require maximum privilege, and the user is a member of the Administrators group.

Type 3 is a limited token with administrative privileges removed and administrative groups disabled.  The limited token is used when User Account Control is enabled, the application does not require administrative privilege, and the user does not choose to start the program using Run as administrator."
Audit Success,3/10/2019 5:34:43 AM,Microsoft-Windows-Security-Auditing,4688,Process Creation,"A new process has been created.

Creator Subject:
	Security ID:		EXAMPLE2\Administrator
	Account Name:		Administrator
	Account Domain:		EXAMPLE2
	Logon ID:		0x78AED

Target Subject:
	Security ID:		NULL SID
	Account Name:		-
	Account Domain:		-
	Logon ID:		0x0

Process Information:
	New Process ID:		0xaac
	New Process Name:	C:\Windows\System32\Configure-SMRemoting.exe
	Token Elevation Type:	%%1936
	Mandatory Label:		Mandatory Label\High Mandatory Level
	Creator Process ID:	0x101c
	Creator Process Name:	C:\Windows\System32\ServerManager.exe
	Process Command Line:	

Token Elevation Type indicates the type of token that was assigned to the new process in accordance with User Account Control policy.

Type 1 is a full token with no privileges removed or groups disabled.  A full token is only used if User Account Control is disabled or if the user is the built-in Administrator account or a service account.

Type 2 is an elevated token with no privileges removed or groups disabled.  An elevated token is used when User Account Control is enabled and the user chooses to start the program using Run as administrator.  An elevated token is also used when an application is configured to always require administrative privilege or to always require maximum privilege, and the user is a member of the Administrators group.

Type 3 is a limited token with administrative privileges removed and administrative groups disabled.  The limited token is used when User Account Control is enabled, the application does not require administrative privilege, and the user does not choose to start the program using Run as administrator."
Audit Success,3/10/2019 5:34:43 AM,Microsoft-Windows-Security-Auditing,4688,Process Creation,"A new process has been created.

Creator Subject:
	Security ID:		SYSTEM
	Account Name:		DC$
	Account Domain:		EXAMPLE2
	Logon ID:		0x3E7

Target Subject:
	Security ID:		NULL SID
	Account Name:		-
	Account Domain:		-
	Logon ID:		0x0

Process Information:
	New Process ID:		0x1048
	New Process Name:	C:\Windows\System32\MusNotification.exe
	Token Elevation Type:	%%1936
	Mandatory Label:		Mandatory Label\System Mandatory Level
	Creator Process ID:	0x5a8
	Creator Process Name:	C:\Windows\System32\svchost.exe
	Process Command Line:	

Token Elevation Type indicates the type of token that was assigned to the new process in accordance with User Account Control policy.

Type 1 is a full token with no privileges removed or groups disabled.  A full token is only used if User Account Control is disabled or if the user is the built-in Administrator account or a service account.

Type 2 is an elevated token with no privileges removed or groups disabled.  An elevated token is used when User Account Control is enabled and the user chooses to start the program using Run as administrator.  An elevated token is also used when an application is configured to always require administrative privilege or to always require maximum privilege, and the user is a member of the Administrators group.

Type 3 is a limited token with administrative privileges removed and administrative groups disabled.  The limited token is used when User Account Control is enabled, the application does not require administrative privilege, and the user does not choose to start the program using Run as administrator."
Audit Success,3/10/2019 5:32:45 AM,Microsoft-Windows-Security-Auditing,4688,Process Creation,"A new process has been created.

Creator Subject:
	Security ID:		SYSTEM
	Account Name:		DC$
	Account Domain:		EXAMPLE2
	Logon ID:		0x3E7

Target Subject:
	Security ID:		LOCAL SERVICE
	Account Name:		LOCAL SERVICE
	Account Domain:		NT AUTHORITY
	Logon ID:		0x3E5

Process Information:
	New Process ID:		0x1350
	New Process Name:	C:\Windows\System32\wbem\WmiPrvSE.exe
	Token Elevation Type:	%%1936
	Mandatory Label:		Mandatory Label\System Mandatory Level
	Creator Process ID:	0x2e8
	Creator Process Name:	C:\Windows\System32\svchost.exe
	Process Command Line:	

Token Elevation Type indicates the type of token that was assigned to the new process in accordance with User Account Control policy.

Type 1 is a full token with no privileges removed or groups disabled.  A full token is only used if User Account Control is disabled or if the user is the built-in Administrator account or a service account.

Type 2 is an elevated token with no privileges removed or groups disabled.  An elevated token is used when User Account Control is enabled and the user chooses to start the program using Run as administrator.  An elevated token is also used when an application is configured to always require administrative privilege or to always require maximum privilege, and the user is a member of the Administrators group.

Type 3 is a limited token with administrative privileges removed and administrative groups disabled.  The limited token is used when User Account Control is enabled, the application does not require administrative privilege, and the user does not choose to start the program using Run as administrator."
Audit Success,3/10/2019 5:32:43 AM,Microsoft-Windows-Security-Auditing,4688,Process Creation,"A new process has been created.

Creator Subject:
	Security ID:		EXAMPLE2\Administrator
	Account Name:		Administrator
	Account Domain:		EXAMPLE2
	Logon ID:		0x78AED

Target Subject:
	Security ID:		NULL SID
	Account Name:		-
	Account Domain:		-
	Logon ID:		0x0

Process Information:
	New Process ID:		0x1344
	New Process Name:	C:\Windows\System32\conhost.exe
	Token Elevation Type:	%%1936
	Mandatory Label:		Mandatory Label\High Mandatory Level
	Creator Process ID:	0x32c
	Creator Process Name:	C:\Windows\System32\Configure-SMRemoting.exe
	Process Command Line:	

Token Elevation Type indicates the type of token that was assigned to the new process in accordance with User Account Control policy.

Type 1 is a full token with no privileges removed or groups disabled.  A full token is only used if User Account Control is disabled or if the user is the built-in Administrator account or a service account.

Type 2 is an elevated token with no privileges removed or groups disabled.  An elevated token is used when User Account Control is enabled and the user chooses to start the program using Run as administrator.  An elevated token is also used when an application is configured to always require administrative privilege or to always require maximum privilege, and the user is a member of the Administrators group.

Type 3 is a limited token with administrative privileges removed and administrative groups disabled.  The limited token is used when User Account Control is enabled, the application does not require administrative privilege, and the user does not choose to start the program using Run as administrator."
